Using pre-set license
Built from '2021.3/staging' branch; Version is '2021.3.11f1 (0a5ca18544bf) revision 679073'; Using compiler version '192829333'; Build Type 'Release'
OS: 'Windows 11  (10.0.22000) 64bit Core' Language: 'en' Physical Memory: 19829 MB
BatchMode: 1, IsHumanControllingUs: 0, StartBugReporterOnCrash: 0, Is64bit: 1, IsPro: 1

COMMAND LINE ARGUMENTS:
C:\UnityEditors\2021.3.11f1\Editor\Unity.exe
-adb2
-batchMode
-noUpm
-name
AssetImportWorker1
-projectPath
D:/UnityShasy/Gamjam Base
-logFile
Logs/AssetImportWorker1.log
-srvPort
58039
Successfully changed project path to: D:/UnityShasy/Gamjam Base
D:/UnityShasy/Gamjam Base
[UnityMemory] Configuration Parameters - Can be set up in boot.config
    "memorysetup-bucket-allocator-granularity=16"
    "memorysetup-bucket-allocator-bucket-count=8"
    "memorysetup-bucket-allocator-block-size=33554432"
    "memorysetup-bucket-allocator-block-count=8"
    "memorysetup-main-allocator-block-size=16777216"
    "memorysetup-thread-allocator-block-size=16777216"
    "memorysetup-gfx-main-allocator-block-size=16777216"
    "memorysetup-gfx-thread-allocator-block-size=16777216"
    "memorysetup-cache-allocator-block-size=4194304"
    "memorysetup-typetree-allocator-block-size=2097152"
    "memorysetup-profiler-bucket-allocator-granularity=16"
    "memorysetup-profiler-bucket-allocator-bucket-count=8"
    "memorysetup-profiler-bucket-allocator-block-size=33554432"
    "memorysetup-profiler-bucket-allocator-block-count=8"
    "memorysetup-profiler-allocator-block-size=16777216"
    "memorysetup-profiler-editor-allocator-block-size=1048576"
    "memorysetup-temp-allocator-size-main=16777216"
    "memorysetup-job-temp-allocator-block-size=2097152"
    "memorysetup-job-temp-allocator-block-size-background=1048576"
    "memorysetup-job-temp-allocator-reduction-small-platforms=262144"
    "memorysetup-temp-allocator-size-background-worker=32768"
    "memorysetup-temp-allocator-size-job-worker=262144"
    "memorysetup-temp-allocator-size-preload-manager=33554432"
    "memorysetup-temp-allocator-size-nav-mesh-worker=65536"
    "memorysetup-temp-allocator-size-audio-worker=65536"
    "memorysetup-temp-allocator-size-cloud-worker=32768"
    "memorysetup-temp-allocator-size-gi-baking-worker=262144"
    "memorysetup-temp-allocator-size-gfx=262144"
Refreshing native plugins compatible for Editor in 192.67 ms, found 2 plugins.
Preloading 0 native plugins for Editor in 0.00 ms.
Initialize engine version: 2021.3.11f1 (0a5ca18544bf)
[Subsystems] Discovering subsystems at path C:/UnityEditors/2021.3.11f1/Editor/Data/Resources/UnitySubsystems
[Subsystems] Discovering subsystems at path D:/UnityShasy/Gamjam Base/Assets
GfxDevice: creating device client; threaded=0; jobified=0
Direct3D:
    Version:  Direct3D 11.0 [level 11.1]
    Renderer: NVIDIA GeForce GTX 1650 (ID=0x1f99)
    Vendor:   NVIDIA
    VRAM:     3950 MB
    Driver:   31.0.15.2802
Initialize mono
Mono path[0] = 'C:/UnityEditors/2021.3.11f1/Editor/Data/Managed'
Mono path[1] = 'C:/UnityEditors/2021.3.11f1/Editor/Data/MonoBleedingEdge/lib/mono/unityjit-win32'
Mono config path = 'C:/UnityEditors/2021.3.11f1/Editor/Data/MonoBleedingEdge/etc'
Using monoOptions --debugger-agent=transport=dt_socket,embedding=1,server=y,suspend=n,address=127.0.0.1:56644
Begin MonoManager ReloadAssembly
Registering precompiled unity dll's ...
Register platform support module: C:/UnityEditors/2021.3.11f1/Editor/Data/PlaybackEngines/WebGLSupport/UnityEditor.WebGL.Extensions.dll
Register platform support module: C:/UnityEditors/2021.3.11f1/Editor/Data/PlaybackEngines/AndroidPlayer/UnityEditor.Android.Extensions.dll
Register platform support module: C:/UnityEditors/2021.3.11f1/Editor/Data/PlaybackEngines/iOSSupport/UnityEditor.iOS.Extensions.dll
Register platform support module: C:/UnityEditors/2021.3.11f1/Editor/Data/PlaybackEngines/WindowsStandaloneSupport/UnityEditor.WindowsStandalone.Extensions.dll
Registered in 0.017919 seconds.
Native extension for WindowsStandalone target not found
[usbmuxd] Start listen thread
[usbmuxd] Listen thread started
Native extension for iOS target not found
Native extension for Android target not found
Native extension for WebGL target not found
Refreshing native plugins compatible for Editor in 241.33 ms, found 2 plugins.
Preloading 0 native plugins for Editor in 0.00 ms.
Mono: successfully reloaded assembly
- Completed reload, in  1.844 seconds
Domain Reload Profiling:
	ReloadAssembly (1845ms)
		BeginReloadAssembly (220ms)
			ExecutionOrderSort (0ms)
			DisableScriptedObjects (0ms)
			BackupInstance (0ms)
			ReleaseScriptingObjects (0ms)
			CreateAndSetChildDomain (2ms)
		EndReloadAssembly (1356ms)
			LoadAssemblies (213ms)
			RebuildTransferFunctionScriptingTraits (0ms)
			SetupTypeCache (302ms)
			ReleaseScriptCaches (0ms)
			RebuildScriptCaches (70ms)
			SetupLoadedEditorAssemblies (849ms)
				LogAssemblyErrors (0ms)
				InitializePlatformSupportModulesInManaged (161ms)
				SetLoadedEditorAssemblies (1ms)
				RefreshPlugins (242ms)
				BeforeProcessingInitializeOnLoad (4ms)
				ProcessInitializeOnLoadAttributes (287ms)
				ProcessInitializeOnLoadMethodAttributes (154ms)
				AfterProcessingInitializeOnLoad (0ms)
				EditorAssembliesLoaded (0ms)
			ExecutionOrderSort2 (0ms)
			AwakeInstancesAfterBackupRestoration (0ms)
Platform modules already initialized, skipping
Registering precompiled user dll's ...
Registered in 0.117460 seconds.
Begin MonoManager ReloadAssembly
Native extension for WindowsStandalone target not found
Native extension for iOS target not found
Native extension for Android target not found
Native extension for WebGL target not found
Refreshing native plugins compatible for Editor in 161.51 ms, found 2 plugins.
Preloading 0 native plugins for Editor in 0.00 ms.
Mono: successfully reloaded assembly
- Completed reload, in  2.964 seconds
Domain Reload Profiling:
	ReloadAssembly (2966ms)
		BeginReloadAssembly (367ms)
			ExecutionOrderSort (0ms)
			DisableScriptedObjects (15ms)
			BackupInstance (0ms)
			ReleaseScriptingObjects (0ms)
			CreateAndSetChildDomain (142ms)
		EndReloadAssembly (2318ms)
			LoadAssemblies (208ms)
			RebuildTransferFunctionScriptingTraits (0ms)
			SetupTypeCache (572ms)
			ReleaseScriptCaches (1ms)
			RebuildScriptCaches (145ms)
			SetupLoadedEditorAssemblies (1320ms)
				LogAssemblyErrors (0ms)
				InitializePlatformSupportModulesInManaged (48ms)
				SetLoadedEditorAssemblies (0ms)
				RefreshPlugins (162ms)
				BeforeProcessingInitializeOnLoad (176ms)
				ProcessInitializeOnLoadAttributes (727ms)
				ProcessInitializeOnLoadMethodAttributes (191ms)
				AfterProcessingInitializeOnLoad (16ms)
				EditorAssembliesLoaded (0ms)
			ExecutionOrderSort2 (0ms)
			AwakeInstancesAfterBackupRestoration (15ms)
Platform modules already initialized, skipping
========================================================================
Worker process is ready to serve import requests
Launched and connected shader compiler UnityShaderCompiler.exe after 0.13 seconds
Refreshing native plugins compatible for Editor in 1.37 ms, found 2 plugins.
Preloading 0 native plugins for Editor in 0.00 ms.
Unloading 3960 Unused Serialized files (Serialized files now loaded: 0)
Unloading 46 unused Assets / (0.8 MB). Loaded Objects now: 4421.
Memory consumption went from 176.5 MB to 175.7 MB.
Total: 7.664100 ms (FindLiveObjects: 0.555700 ms CreateObjectMapping: 0.279900 ms MarkObjects: 6.252100 ms  DeleteObjects: 0.573300 ms)

AssetImportParameters requested are different than current active one (requested -> active):
  custom:video-decoder-ogg-theora: a1e56fd34408186e4bbccfd4996cb3dc -> 
  custom:container-muxer-webm: aa71ff27fc2769a1b78a27578f13a17b -> 
  custom:container-demuxer-webm: 4f35f7cbe854078d1ac9338744f61a02 -> 
  custom:video-encoder-webm-vp8: eb34c28f22e8b96e1ab97ce403110664 -> 
  custom:video-codec-MediaFoundation-h265: 746d11721c4dcdbdad8f713fa42b33f4 -> 
  custom:audio-encoder-webm-vorbis: bf7c407c2cedff20999df2af8eb42d56 -> 
  custom:framework-win-MediaFoundation: 216162199b28c13a410421893ffa2e32 -> 
  custom:container-demuxer-ogg: 62fdf1f143b41e24485cea50d1cbac27 -> 
  custom:video-decoder-webm-vp8: 9c59270c3fd7afecdb556c50c9e8de78 -> 
  custom:audio-decoder-ogg-vorbis: bf7c407c2cedff20999df2af8eb42d56 -> 
========================================================================
Received Import Request.
  Time since last request: 182080.897279 seconds.
  path: Assets/PolygonPrototype/Prefabs
  artifactKey: Guid(f90180b1ee031f748974af4aabf3c126) Importer(815301076,1909f56bfc062723c751e8b465ee728b)
Start importing Assets/PolygonPrototype/Prefabs using Guid(f90180b1ee031f748974af4aabf3c126) Importer(815301076,1909f56bfc062723c751e8b465ee728b)  -> (artifact id: '596d21da41a96f46b0a4fc20652fc7d1') in 0.105452 seconds 
========================================================================
Received Import Request.
  Time since last request: 1.560608 seconds.
  path: Assets/PolygonPrototype/Prefabs/Buildings/SM_Buildings_WindowGlass_01.prefab
  artifactKey: Guid(22d9af586ef4a6149be2e7f541bfd2e7) Importer(815301076,1909f56bfc062723c751e8b465ee728b)
Start importing Assets/PolygonPrototype/Prefabs/Buildings/SM_Buildings_WindowGlass_01.prefab using Guid(22d9af586ef4a6149be2e7f541bfd2e7) Importer(815301076,1909f56bfc062723c751e8b465ee728b)  -> (artifact id: '3a0ac757a5630c8eca86a86654ed396f') in 0.867331 seconds 
========================================================================
Received Import Request.
  Time since last request: 0.024186 seconds.
  path: Assets/PolygonPrototype/Prefabs/Buildings/Polygon/SM_Buildings_Column_1x3_01P.prefab
  artifactKey: Guid(3f3dbe87a60db03418edd6f1c0a25506) Importer(815301076,1909f56bfc062723c751e8b465ee728b)
Start importing Assets/PolygonPrototype/Prefabs/Buildings/Polygon/SM_Buildings_Column_1x3_01P.prefab using Guid(3f3dbe87a60db03418edd6f1c0a25506) Importer(815301076,1909f56bfc062723c751e8b465ee728b)  -> (artifact id: 'd09df4e6562cc6ccfa04fe80132f653d') in 0.622683 seconds 
========================================================================
Received Import Request.
  Time since last request: 0.000046 seconds.
  path: Assets/PolygonPrototype/Prefabs/Buildings/Polygon/SM_Buildings_RailStairs_1x1_01P.prefab
  artifactKey: Guid(64c416090eb460443b8c48604183fc8c) Importer(815301076,1909f56bfc062723c751e8b465ee728b)
Start importing Assets/PolygonPrototype/Prefabs/Buildings/Polygon/SM_Buildings_RailStairs_1x1_01P.prefab using Guid(64c416090eb460443b8c48604183fc8c) Importer(815301076,1909f56bfc062723c751e8b465ee728b)  -> (artifact id: 'd12b6057ba57b10d3758e176a5205422') in 0.219817 seconds 
========================================================================
Received Import Request.
  Time since last request: 0.000067 seconds.
  path: Assets/PolygonPrototype/Prefabs/Buildings/Polygon/SM_Buildings_RoofAngledCornerInner_5x5_01P.prefab
  artifactKey: Guid(2a5990cd2652f6e41a69968d287f54d8) Importer(815301076,1909f56bfc062723c751e8b465ee728b)
Start importing Assets/PolygonPrototype/Prefabs/Buildings/Polygon/SM_Buildings_RoofAngledCornerInner_5x5_01P.prefab using Guid(2a5990cd2652f6e41a69968d287f54d8) Importer(815301076,1909f56bfc062723c751e8b465ee728b)  -> (artifact id: 'f538a73037527c60d8e0b4b3d69cafa9') in 0.228264 seconds 
========================================================================
Received Import Request.
  Time since last request: 0.000045 seconds.
  path: Assets/PolygonPrototype/Prefabs/Buildings/Polygon/SM_Buildings_FloorHole_2x2_01P.prefab
  artifactKey: Guid(18ec9e6a77f6b284dada0292ea8a7656) Importer(815301076,1909f56bfc062723c751e8b465ee728b)
Start importing Assets/PolygonPrototype/Prefabs/Buildings/Polygon/SM_Buildings_FloorHole_2x2_01P.prefab using Guid(18ec9e6a77f6b284dada0292ea8a7656) Importer(815301076,1909f56bfc062723c751e8b465ee728b)  -> (artifact id: '9d1096b0c4ce5d8760cf3dec418c7b84') in 0.143077 seconds 
========================================================================
Received Import Request.
  Time since last request: 0.000069 seconds.
  path: Assets/PolygonPrototype/Prefabs/Buildings/Polygon/SM_Buildings_Rail_1x1_01P.prefab
  artifactKey: Guid(cb2d244f48389fe47bf64d3fd5f8d78c) Importer(815301076,1909f56bfc062723c751e8b465ee728b)
Start importing Assets/PolygonPrototype/Prefabs/Buildings/Polygon/SM_Buildings_Rail_1x1_01P.prefab using Guid(cb2d244f48389fe47bf64d3fd5f8d78c) Importer(815301076,1909f56bfc062723c751e8b465ee728b)  -> (artifact id: '7bcc31c2eb8e0edc3bd18bfe5d8f434e') in 0.161132 seconds 
========================================================================
Received Import Request.
  Time since last request: 0.000049 seconds.
  path: Assets/PolygonPrototype/Prefabs/Buildings/Polygon/SM_Buildings_FloorInner_Curved_5x5_01P.prefab
  artifactKey: Guid(b3863c5e123f8be4f9d8202f0c9579ce) Importer(815301076,1909f56bfc062723c751e8b465ee728b)
Start importing Assets/PolygonPrototype/Prefabs/Buildings/Polygon/SM_Buildings_FloorInner_Curved_5x5_01P.prefab using Guid(b3863c5e123f8be4f9d8202f0c9579ce) Importer(815301076,1909f56bfc062723c751e8b465ee728b)  -> (artifact id: 'dc8517b6c27033dd4e820587d7e33359') in 0.172441 seconds 
========================================================================
Received Import Request.
  Time since last request: 0.000068 seconds.
  path: Assets/PolygonPrototype/Prefabs/Buildings/Polygon/SM_Buildings_FloorCurved_2x2_01P.prefab
  artifactKey: Guid(67d8881229360d648999c5975fdec7f9) Importer(815301076,1909f56bfc062723c751e8b465ee728b)
Start importing Assets/PolygonPrototype/Prefabs/Buildings/Polygon/SM_Buildings_FloorCurved_2x2_01P.prefab using Guid(67d8881229360d648999c5975fdec7f9) Importer(815301076,1909f56bfc062723c751e8b465ee728b)  -> (artifact id: '6ecd147fa7d3366561b8e9d21029b51b') in 0.264228 seconds 
========================================================================
Received Import Request.
  Time since last request: 0.000077 seconds.
  path: Assets/PolygonPrototype/Prefabs/Buildings/Polygon/SM_Buildings_RoofAngled_5x5_01P.prefab
  artifactKey: Guid(50873bc5f55946d468bdb18e13a9f7e4) Importer(815301076,1909f56bfc062723c751e8b465ee728b)
Start importing Assets/PolygonPrototype/Prefabs/Buildings/Polygon/SM_Buildings_RoofAngled_5x5_01P.prefab using Guid(50873bc5f55946d468bdb18e13a9f7e4) Importer(815301076,1909f56bfc062723c751e8b465ee728b)  -> (artifact id: '593c123b5165bb4a450cc9a3596fabba') in 0.294352 seconds 
========================================================================
Received Import Request.
  Time since last request: 0.000051 seconds.
  path: Assets/PolygonPrototype/Prefabs/Buildings/Polygon/SM_Buildings_RoofAngledCornerInner_1x1_01P.prefab
  artifactKey: Guid(e6c7adff407d6154681938139841127e) Importer(815301076,1909f56bfc062723c751e8b465ee728b)
Start importing Assets/PolygonPrototype/Prefabs/Buildings/Polygon/SM_Buildings_RoofAngledCornerInner_1x1_01P.prefab using Guid(e6c7adff407d6154681938139841127e) Importer(815301076,1909f56bfc062723c751e8b465ee728b)  -> (artifact id: 'e633e93d0ab4272ee4f710e82c7526a7') in 0.186482 seconds 
========================================================================
Received Import Request.
  Time since last request: 0.000052 seconds.
  path: Assets/PolygonPrototype/Prefabs/Buildings/Polygon/SM_Buildings_Ramp_55_1x1_01P.prefab
  artifactKey: Guid(f33661f8dac407d4ebf7501fae1ca00a) Importer(815301076,1909f56bfc062723c751e8b465ee728b)
Start importing Assets/PolygonPrototype/Prefabs/Buildings/Polygon/SM_Buildings_Ramp_55_1x1_01P.prefab using Guid(f33661f8dac407d4ebf7501fae1ca00a) Importer(815301076,1909f56bfc062723c751e8b465ee728b)  -> (artifact id: '661c7227b7b89969f8d5226166d272d8') in 0.143402 seconds 
========================================================================
Received Import Request.
  Time since last request: 0.000046 seconds.
  path: Assets/PolygonPrototype/Prefabs/Buildings/Polygon/SM_Buildings_Floor_5x5_01P.prefab
  artifactKey: Guid(5171d5eb12e0f184a8761aa4157f7d00) Importer(815301076,1909f56bfc062723c751e8b465ee728b)
Start importing Assets/PolygonPrototype/Prefabs/Buildings/Polygon/SM_Buildings_Floor_5x5_01P.prefab using Guid(5171d5eb12e0f184a8761aa4157f7d00) Importer(815301076,1909f56bfc062723c751e8b465ee728b)  -> (artifact id: 'cfb61de79a7b627d2c56a99bb8d3cef7') in 0.155043 seconds 
========================================================================
Received Import Request.
  Time since last request: 0.000054 seconds.
  path: Assets/PolygonPrototype/Prefabs/Buildings/Polygon/SM_Buildings_FloorCurved_5x5_01P.prefab
  artifactKey: Guid(4fdc90d4810052940bae39b01e92a182) Importer(815301076,1909f56bfc062723c751e8b465ee728b)
Start importing Assets/PolygonPrototype/Prefabs/Buildings/Polygon/SM_Buildings_FloorCurved_5x5_01P.prefab using Guid(4fdc90d4810052940bae39b01e92a182) Importer(815301076,1909f56bfc062723c751e8b465ee728b)  -> (artifact id: '618f7b2c041ae426f958ec049822a3d4') in 0.205075 seconds 
========================================================================
Received Import Request.
  Time since last request: 0.000065 seconds.
  path: Assets/PolygonPrototype/Prefabs/Buildings/Polygon/SM_Buildings_FloorHole_1x1_01P.prefab
  artifactKey: Guid(9a4c390a76076d1459b66dc7f6997398) Importer(815301076,1909f56bfc062723c751e8b465ee728b)
Start importing Assets/PolygonPrototype/Prefabs/Buildings/Polygon/SM_Buildings_FloorHole_1x1_01P.prefab using Guid(9a4c390a76076d1459b66dc7f6997398) Importer(815301076,1909f56bfc062723c751e8b465ee728b)  -> (artifact id: '803592e140131270347706a4625f110c') in 0.291518 seconds 
========================================================================
Received Import Request.
  Time since last request: 0.000045 seconds.
  path: Assets/PolygonPrototype/Prefabs/Buildings/Polygon/SM_Buildings_Ramp_70_1x1_01P.prefab
  artifactKey: Guid(a434bedf3d3673446827301acda869f0) Importer(815301076,1909f56bfc062723c751e8b465ee728b)
Start importing Assets/PolygonPrototype/Prefabs/Buildings/Polygon/SM_Buildings_Ramp_70_1x1_01P.prefab using Guid(a434bedf3d3673446827301acda869f0) Importer(815301076,1909f56bfc062723c751e8b465ee728b)  -> (artifact id: '3cd7e63705a5ea395323cc6d639ab29e') in 0.274494 seconds 
========================================================================
Received Import Request.
  Time since last request: 0.000062 seconds.
  path: Assets/PolygonPrototype/Prefabs/Buildings/Polygon/SM_Buildings_RoofAngledPoint_2x2_01P.prefab
  artifactKey: Guid(db725fc46046fce4ba8121abff2c7bcf) Importer(815301076,1909f56bfc062723c751e8b465ee728b)
Start importing Assets/PolygonPrototype/Prefabs/Buildings/Polygon/SM_Buildings_RoofAngledPoint_2x2_01P.prefab using Guid(db725fc46046fce4ba8121abff2c7bcf) Importer(815301076,1909f56bfc062723c751e8b465ee728b)  -> (artifact id: '9e6979062cb97fc99ca96b38565e1497') in 0.122494 seconds 
========================================================================
Received Import Request.
  Time since last request: 0.000035 seconds.
  path: Assets/PolygonPrototype/Prefabs/Buildings/Polygon/SM_Buildings_RoofAngledCornerInner_2x2_01P.prefab
  artifactKey: Guid(1932f072403faf4478a06711de00ca5d) Importer(815301076,1909f56bfc062723c751e8b465ee728b)
Start importing Assets/PolygonPrototype/Prefabs/Buildings/Polygon/SM_Buildings_RoofAngledCornerInner_2x2_01P.prefab using Guid(1932f072403faf4478a06711de00ca5d) Importer(815301076,1909f56bfc062723c751e8b465ee728b)  -> (artifact id: '37fd02ee980e3fdc398e9ef7e8f197ad') in 0.160483 seconds 
========================================================================
Received Import Request.
  Time since last request: 0.000036 seconds.
  path: Assets/PolygonPrototype/Prefabs/Buildings/Polygon/SM_Buildings_RoofAngledCornerOuter_2x2_01P.prefab
  artifactKey: Guid(4820ee8899aff7e4fa6c35401ca4e3d4) Importer(815301076,1909f56bfc062723c751e8b465ee728b)
Start importing Assets/PolygonPrototype/Prefabs/Buildings/Polygon/SM_Buildings_RoofAngledCornerOuter_2x2_01P.prefab using Guid(4820ee8899aff7e4fa6c35401ca4e3d4) Importer(815301076,1909f56bfc062723c751e8b465ee728b)  -> (artifact id: 'bebda2cdc8538be60821c6dc87ac9afb') in 0.269498 seconds 
========================================================================
Received Import Request.
  Time since last request: 0.000048 seconds.
  path: Assets/PolygonPrototype/Prefabs/Buildings/Polygon/SM_Buildings_Floor_1x1_01P.prefab
  artifactKey: Guid(8767d9ea8dddf69429fb6c89e304be40) Importer(815301076,1909f56bfc062723c751e8b465ee728b)
Start importing Assets/PolygonPrototype/Prefabs/Buildings/Polygon/SM_Buildings_Floor_1x1_01P.prefab using Guid(8767d9ea8dddf69429fb6c89e304be40) Importer(815301076,1909f56bfc062723c751e8b465ee728b)  -> (artifact id: 'dd724071a6faf57a698e071952338bc8') in 0.257386 seconds 
========================================================================
Received Import Request.
  Time since last request: 0.000047 seconds.
  path: Assets/PolygonPrototype/Prefabs/Buildings/Polygon/SM_Buildings_FloorAngle_2x2_01P.prefab
  artifactKey: Guid(c836db8b51ea3b94eb25834c3197f434) Importer(815301076,1909f56bfc062723c751e8b465ee728b)
Start importing Assets/PolygonPrototype/Prefabs/Buildings/Polygon/SM_Buildings_FloorAngle_2x2_01P.prefab using Guid(c836db8b51ea3b94eb25834c3197f434) Importer(815301076,1909f56bfc062723c751e8b465ee728b)  -> (artifact id: '7e5d20f6d00ad0ec5a49350d1dcd963c') in 0.155269 seconds 
========================================================================
Received Import Request.
  Time since last request: 0.000056 seconds.
  path: Assets/PolygonPrototype/Prefabs/Buildings/Polygon/SM_Buildings_Ramp_45_1x1_01P.prefab
  artifactKey: Guid(bd97c05e714e4e44a95ebdeaa26a6c9f) Importer(815301076,1909f56bfc062723c751e8b465ee728b)
Start importing Assets/PolygonPrototype/Prefabs/Buildings/Polygon/SM_Buildings_Ramp_45_1x1_01P.prefab using Guid(bd97c05e714e4e44a95ebdeaa26a6c9f) Importer(815301076,1909f56bfc062723c751e8b465ee728b)  -> (artifact id: '29b17942a244dc86515d423e7317ef50') in 0.143411 seconds 
========================================================================
Received Import Request.
  Time since last request: 0.000049 seconds.
  path: Assets/PolygonPrototype/Prefabs/Buildings/Polygon/SM_Buildings_Door_01P.prefab
  artifactKey: Guid(e025362a5346a474ba28d4f1c1eee293) Importer(815301076,1909f56bfc062723c751e8b465ee728b)
Start importing Assets/PolygonPrototype/Prefabs/Buildings/Polygon/SM_Buildings_Door_01P.prefab using Guid(e025362a5346a474ba28d4f1c1eee293) Importer(815301076,1909f56bfc062723c751e8b465ee728b)  -> (artifact id: 'b5e17e008863f40752a80ddf29e9316d') in 0.244522 seconds 
========================================================================
Received Import Request.
  Time since last request: 0.000040 seconds.
  path: Assets/PolygonPrototype/Prefabs/Buildings/Polygon/SM_Buildings_RoofAngledCornerMiddle_2x2_01P.prefab
  artifactKey: Guid(3d3cc953c3d737545b82109b68239386) Importer(815301076,1909f56bfc062723c751e8b465ee728b)
Start importing Assets/PolygonPrototype/Prefabs/Buildings/Polygon/SM_Buildings_RoofAngledCornerMiddle_2x2_01P.prefab using Guid(3d3cc953c3d737545b82109b68239386) Importer(815301076,1909f56bfc062723c751e8b465ee728b)  -> (artifact id: '4440ac758708576bc62c108e3f2869e6') in 0.180633 seconds 
========================================================================
Received Import Request.
  Time since last request: 0.000050 seconds.
  path: Assets/PolygonPrototype/Prefabs/Buildings/Polygon/SM_Buildings_DoorFrame_01P.prefab
  artifactKey: Guid(7d1e5b8ce3cce8448811fa721df10782) Importer(815301076,1909f56bfc062723c751e8b465ee728b)
Start importing Assets/PolygonPrototype/Prefabs/Buildings/Polygon/SM_Buildings_DoorFrame_01P.prefab using Guid(7d1e5b8ce3cce8448811fa721df10782) Importer(815301076,1909f56bfc062723c751e8b465ee728b)  -> (artifact id: '03af5c2dddd0d00d6dde6b5c4f516c30') in 7.702018 seconds 
========================================================================
Received Import Request.
  Time since last request: 0.000048 seconds.
  path: Assets/PolygonPrototype/Prefabs/Buildings/Simple/SM_Buildings_Door_01.prefab
  artifactKey: Guid(f01cdc6f362babd47ada234fc65a0401) Importer(815301076,1909f56bfc062723c751e8b465ee728b)
Start importing Assets/PolygonPrototype/Prefabs/Buildings/Simple/SM_Buildings_Door_01.prefab using Guid(f01cdc6f362babd47ada234fc65a0401) Importer(815301076,1909f56bfc062723c751e8b465ee728b)  -> (artifact id: 'b0d8f3933d4b3dd0402d5258d6a0d155') in 0.068887 seconds 
========================================================================
Received Import Request.
  Time since last request: 0.000074 seconds.
  path: Assets/PolygonPrototype/Prefabs/Buildings/Simple/SM_Buildings_Block_1x1_01.prefab
  artifactKey: Guid(fcc4229f634be704aa0dd336ad33c2b5) Importer(815301076,1909f56bfc062723c751e8b465ee728b)
Start importing Assets/PolygonPrototype/Prefabs/Buildings/Simple/SM_Buildings_Block_1x1_01.prefab using Guid(fcc4229f634be704aa0dd336ad33c2b5) Importer(815301076,1909f56bfc062723c751e8b465ee728b)  -> (artifact id: '91530609e86cf092221c0df2f7d338d5') in 0.055830 seconds 
========================================================================
Received Import Request.
  Time since last request: 0.000038 seconds.
  path: Assets/PolygonPrototype/Prefabs/Buildings/Simple/SM_Buildings_Ramp_35_1x1_01.prefab
  artifactKey: Guid(56ceb8b51a3ad9648beb54dc0c75f997) Importer(815301076,1909f56bfc062723c751e8b465ee728b)
Start importing Assets/PolygonPrototype/Prefabs/Buildings/Simple/SM_Buildings_Ramp_35_1x1_01.prefab using Guid(56ceb8b51a3ad9648beb54dc0c75f997) Importer(815301076,1909f56bfc062723c751e8b465ee728b)  -> (artifact id: 'f3ff2f539787d451441da805caf6a9ec') in 0.406174 seconds 
========================================================================
Received Import Request.
  Time since last request: 0.000059 seconds.
  path: Assets/PolygonPrototype/Prefabs/Buildings/Simple/SM_Buildings_Ramp_65_1x1_01.prefab
  artifactKey: Guid(6056345bce72b7f4283d7f68d8b1bf27) Importer(815301076,1909f56bfc062723c751e8b465ee728b)
Start importing Assets/PolygonPrototype/Prefabs/Buildings/Simple/SM_Buildings_Ramp_65_1x1_01.prefab using Guid(6056345bce72b7f4283d7f68d8b1bf27) Importer(815301076,1909f56bfc062723c751e8b465ee728b)  -> (artifact id: '80f8830a1a8362e07508cb84b0cba840') in 0.143118 seconds 
========================================================================
Received Import Request.
  Time since last request: 0.000071 seconds.
  path: Assets/PolygonPrototype/Prefabs/Buildings/Simple/SM_Buildings_Ramp_60_1x1_01.prefab
  artifactKey: Guid(7cdff0973462d7c47aebcb8e1623023f) Importer(815301076,1909f56bfc062723c751e8b465ee728b)
Start importing Assets/PolygonPrototype/Prefabs/Buildings/Simple/SM_Buildings_Ramp_60_1x1_01.prefab using Guid(7cdff0973462d7c47aebcb8e1623023f) Importer(815301076,1909f56bfc062723c751e8b465ee728b)  -> (artifact id: 'b49a3f7b022f3826d274955501205eee') in 0.218633 seconds 
========================================================================
Received Import Request.
  Time since last request: 0.000053 seconds.
  path: Assets/PolygonPrototype/Prefabs/Buildings/Simple/SM_Buildings_DoorFrame_01.prefab
  artifactKey: Guid(08359538d5ddc2841a5e2aa95189861b) Importer(815301076,1909f56bfc062723c751e8b465ee728b)
Start importing Assets/PolygonPrototype/Prefabs/Buildings/Simple/SM_Buildings_DoorFrame_01.prefab using Guid(08359538d5ddc2841a5e2aa95189861b) Importer(815301076,1909f56bfc062723c751e8b465ee728b)  -> (artifact id: 'dd5b07e8b74b4e9926ec9b04178c7503') in 0.133566 seconds 
========================================================================
Received Import Request.
  Time since last request: 0.000138 seconds.
  path: Assets/PolygonPrototype/Prefabs/Buildings/Simple/SM_Buildings_FloorHole_5x5_01.prefab
  artifactKey: Guid(22204a3b0e42d634aa0a396cbe584595) Importer(815301076,1909f56bfc062723c751e8b465ee728b)
Start importing Assets/PolygonPrototype/Prefabs/Buildings/Simple/SM_Buildings_FloorHole_5x5_01.prefab using Guid(22204a3b0e42d634aa0a396cbe584595) Importer(815301076,1909f56bfc062723c751e8b465ee728b)  -> (artifact id: '62ae8a684abadd2486301067e36c0dcb') in 0.173629 seconds 
========================================================================
Received Import Request.
  Time since last request: 0.000037 seconds.
  path: Assets/PolygonPrototype/Prefabs/Buildings/Simple/SM_Buildings_FloorAngle_5x5_01.prefab
  artifactKey: Guid(84485a7b656e3b646a36abd24a89eb9c) Importer(815301076,1909f56bfc062723c751e8b465ee728b)
Start importing Assets/PolygonPrototype/Prefabs/Buildings/Simple/SM_Buildings_FloorAngle_5x5_01.prefab using Guid(84485a7b656e3b646a36abd24a89eb9c) Importer(815301076,1909f56bfc062723c751e8b465ee728b)  -> (artifact id: '299ca1aa71dfa6214091497d4b70fe8a') in 0.100930 seconds 
========================================================================
Received Import Request.
  Time since last request: 0.000065 seconds.
  path: Assets/PolygonPrototype/Prefabs/Buildings/Simple/SM_Buildings_RoofAngledCornerMiddle_2x2_01.prefab
  artifactKey: Guid(e4eb7448f1d78644d94c821a3ff5d394) Importer(815301076,1909f56bfc062723c751e8b465ee728b)
Start importing Assets/PolygonPrototype/Prefabs/Buildings/Simple/SM_Buildings_RoofAngledCornerMiddle_2x2_01.prefab using Guid(e4eb7448f1d78644d94c821a3ff5d394) Importer(815301076,1909f56bfc062723c751e8b465ee728b)  -> (artifact id: 'a21ca188d0f45de4d06ac7710d8c4be7') in 0.056293 seconds 
========================================================================
Received Import Request.
  Time since last request: 0.000054 seconds.
  path: Assets/PolygonPrototype/Prefabs/Buildings/Simple/SM_Buildings_FloorAngle_1x1_01.prefab
  artifactKey: Guid(9529b7af0a3038546b8cae1cfec48e43) Importer(815301076,1909f56bfc062723c751e8b465ee728b)
Start importing Assets/PolygonPrototype/Prefabs/Buildings/Simple/SM_Buildings_FloorAngle_1x1_01.prefab using Guid(9529b7af0a3038546b8cae1cfec48e43) Importer(815301076,1909f56bfc062723c751e8b465ee728b)  -> (artifact id: 'abb8f1338c7218a11cf056f02c181511') in 0.048841 seconds 
========================================================================
Received Import Request.
  Time since last request: 0.000048 seconds.
  path: Assets/PolygonPrototype/Prefabs/Buildings/Simple/SM_Buildings_FloorAngle_2x2_01.prefab
  artifactKey: Guid(9efcc5094f46dd94f8755943139db545) Importer(815301076,1909f56bfc062723c751e8b465ee728b)
Start importing Assets/PolygonPrototype/Prefabs/Buildings/Simple/SM_Buildings_FloorAngle_2x2_01.prefab using Guid(9efcc5094f46dd94f8755943139db545) Importer(815301076,1909f56bfc062723c751e8b465ee728b)  -> (artifact id: '470cb8228dc322f2bef3d27e33c74f4d') in 0.041818 seconds 
========================================================================
Received Import Request.
  Time since last request: 0.000055 seconds.
  path: Assets/PolygonPrototype/Prefabs/Buildings/Simple/SM_Buildings_RoofAngled_5x5_01.prefab
  artifactKey: Guid(23ae901898f05f442870b52a1ebe64dd) Importer(815301076,1909f56bfc062723c751e8b465ee728b)
Start importing Assets/PolygonPrototype/Prefabs/Buildings/Simple/SM_Buildings_RoofAngled_5x5_01.prefab using Guid(23ae901898f05f442870b52a1ebe64dd) Importer(815301076,1909f56bfc062723c751e8b465ee728b)  -> (artifact id: 'ebf74bf1f7e249a36692ba11a149260d') in 0.045032 seconds 
========================================================================
Received Import Request.
  Time since last request: 0.000043 seconds.
  path: Assets/PolygonPrototype/Prefabs/Buildings/Simple/SM_Buildings_Rail_5x1_01.prefab
  artifactKey: Guid(40ff65fe45ae72e4eb864aa6bdff55e2) Importer(815301076,1909f56bfc062723c751e8b465ee728b)
Start importing Assets/PolygonPrototype/Prefabs/Buildings/Simple/SM_Buildings_Rail_5x1_01.prefab using Guid(40ff65fe45ae72e4eb864aa6bdff55e2) Importer(815301076,1909f56bfc062723c751e8b465ee728b)  -> (artifact id: '47b11c9d8a55202539c92374591aeb14') in 0.066191 seconds 
========================================================================
Received Import Request.
  Time since last request: 0.000055 seconds.
  path: Assets/PolygonPrototype/Prefabs/Buildings/Simple/SM_Buildings_RoofAngled_1x1_01.prefab
  artifactKey: Guid(8726dd4bb69f80944a6601d95675914f) Importer(815301076,1909f56bfc062723c751e8b465ee728b)
Start importing Assets/PolygonPrototype/Prefabs/Buildings/Simple/SM_Buildings_RoofAngled_1x1_01.prefab using Guid(8726dd4bb69f80944a6601d95675914f) Importer(815301076,1909f56bfc062723c751e8b465ee728b)  -> (artifact id: '50917494bd6ef959bd48e93b7396298e') in 0.046490 seconds 
========================================================================
Received Import Request.
  Time since last request: 0.000062 seconds.
  path: Assets/PolygonPrototype/Prefabs/Buildings/Simple/SM_Buildings_RoofAngledCornerMiddle_1x1_01.prefab
  artifactKey: Guid(42d48da1b53dd814896a0bdfd270f592) Importer(815301076,1909f56bfc062723c751e8b465ee728b)
Start importing Assets/PolygonPrototype/Prefabs/Buildings/Simple/SM_Buildings_RoofAngledCornerMiddle_1x1_01.prefab using Guid(42d48da1b53dd814896a0bdfd270f592) Importer(815301076,1909f56bfc062723c751e8b465ee728b)  -> (artifact id: '60feea8c0649f6a3348676bdb451c32b') in 0.044733 seconds 
========================================================================
Received Import Request.
  Time since last request: 0.000043 seconds.
  path: Assets/PolygonPrototype/Prefabs/Buildings/Simple/SM_Buildings_RoofAngled_2x2_01.prefab
  artifactKey: Guid(863e27a610109cc4f8d09d2620c60015) Importer(815301076,1909f56bfc062723c751e8b465ee728b)
Start importing Assets/PolygonPrototype/Prefabs/Buildings/Simple/SM_Buildings_RoofAngled_2x2_01.prefab using Guid(863e27a610109cc4f8d09d2620c60015) Importer(815301076,1909f56bfc062723c751e8b465ee728b)  -> (artifact id: '417a50abf9e98dd343361183fb0e671b') in 0.044987 seconds 
========================================================================
Received Import Request.
  Time since last request: 0.000048 seconds.
  path: Assets/PolygonPrototype/Prefabs/Buildings/Simple/SM_Buildings_Ramp_20_1x1_01.prefab
  artifactKey: Guid(10edc9e9edbb826449eb54e3676b70ba) Importer(815301076,1909f56bfc062723c751e8b465ee728b)
Start importing Assets/PolygonPrototype/Prefabs/Buildings/Simple/SM_Buildings_Ramp_20_1x1_01.prefab using Guid(10edc9e9edbb826449eb54e3676b70ba) Importer(815301076,1909f56bfc062723c751e8b465ee728b)  -> (artifact id: '1a1e913c690d5ff1fab38105106eede2') in 0.054745 seconds 
========================================================================
Received Import Request.
  Time since last request: 0.000053 seconds.
  path: Assets/PolygonPrototype/Prefabs/Buildings/Simple/SM_Buildings_Floor_1x1_01.prefab
  artifactKey: Guid(9b8802d83e59c8c448a7665322aa7d17) Importer(815301076,1909f56bfc062723c751e8b465ee728b)
Start importing Assets/PolygonPrototype/Prefabs/Buildings/Simple/SM_Buildings_Floor_1x1_01.prefab using Guid(9b8802d83e59c8c448a7665322aa7d17) Importer(815301076,1909f56bfc062723c751e8b465ee728b)  -> (artifact id: '212326cb8b03ff51c279720f12bdbf18') in 0.052836 seconds 
========================================================================
Received Import Request.
  Time since last request: 0.000055 seconds.
  path: Assets/PolygonPrototype/Prefabs/Buildings/Polygon/SM_Buildings_FloorAngle_1x1_01P.prefab
  artifactKey: Guid(dbd25d824f716e74cb33fa4ccbc2675e) Importer(815301076,1909f56bfc062723c751e8b465ee728b)
Start importing Assets/PolygonPrototype/Prefabs/Buildings/Polygon/SM_Buildings_FloorAngle_1x1_01P.prefab using Guid(dbd25d824f716e74cb33fa4ccbc2675e) Importer(815301076,1909f56bfc062723c751e8b465ee728b)  -> (artifact id: '35df095b8cddf5e54ae0ca3a8ce3b4af') in 0.053122 seconds 
========================================================================
Received Import Request.
  Time since last request: 0.000058 seconds.
  path: Assets/PolygonPrototype/Prefabs/Buildings/Simple/SM_Buildings_RoofAngledPoint_5x5_01.prefab
  artifactKey: Guid(734ce79b93512e44b8beb09dd88865ad) Importer(815301076,1909f56bfc062723c751e8b465ee728b)
Start importing Assets/PolygonPrototype/Prefabs/Buildings/Simple/SM_Buildings_RoofAngledPoint_5x5_01.prefab using Guid(734ce79b93512e44b8beb09dd88865ad) Importer(815301076,1909f56bfc062723c751e8b465ee728b)  -> (artifact id: '75c50b52058a8929f9aa1a2f74cda27d') in 0.060674 seconds 
========================================================================
Received Import Request.
  Time since last request: 0.000037 seconds.
  path: Assets/PolygonPrototype/Prefabs/Buildings/Simple/SM_Buildings_RoofAngledCornerInner_2x2_01.prefab
  artifactKey: Guid(a23cdedf585b63e44a17d731a019e611) Importer(815301076,1909f56bfc062723c751e8b465ee728b)
Start importing Assets/PolygonPrototype/Prefabs/Buildings/Simple/SM_Buildings_RoofAngledCornerInner_2x2_01.prefab using Guid(a23cdedf585b63e44a17d731a019e611) Importer(815301076,1909f56bfc062723c751e8b465ee728b)  -> (artifact id: 'b97d46301f7d8908760b0291b47d6694') in 0.042224 seconds 
========================================================================
Received Import Request.
  Time since last request: 97.377541 seconds.
  path: Assets/PolygonPrototype/RenderPipeline_Renderer.asset
  artifactKey: Guid(285a22e76235ebd449719c2fde728965) Importer(815301076,1909f56bfc062723c751e8b465ee728b)
Start importing Assets/PolygonPrototype/RenderPipeline_Renderer.asset using Guid(285a22e76235ebd449719c2fde728965) Importer(815301076,1909f56bfc062723c751e8b465ee728b)  -> (artifact id: '38436730bf7fba85f34f01424133d1e7') in 0.075838 seconds 
========================================================================
Received Prepare
Switching render pipeline 00000000000000000000000000000000 -> 4aa3930871710de42afd94226a23e742
Refreshing native plugins compatible for Editor in 16.94 ms, found 2 plugins.
Preloading 0 native plugins for Editor in 0.00 ms.
Unloading 75 Unused Serialized files (Serialized files now loaded: 0)
Unloading 25 unused Assets / (0.8 MB). Loaded Objects now: 4480.
Memory consumption went from 101.6 MB to 100.8 MB.
Total: 11.706300 ms (FindLiveObjects: 0.790200 ms CreateObjectMapping: 0.312000 ms MarkObjects: 9.733100 ms  DeleteObjects: 0.868400 ms)

AssetImportParameters requested are different than current active one (requested -> active):
  custom:video-decoder-ogg-theora: a1e56fd34408186e4bbccfd4996cb3dc -> 
  custom:container-muxer-webm: aa71ff27fc2769a1b78a27578f13a17b -> 
  custom:container-demuxer-webm: 4f35f7cbe854078d1ac9338744f61a02 -> 
  custom:video-encoder-webm-vp8: eb34c28f22e8b96e1ab97ce403110664 -> 
  custom:video-codec-MediaFoundation-h265: 746d11721c4dcdbdad8f713fa42b33f4 -> 
  custom:audio-encoder-webm-vorbis: bf7c407c2cedff20999df2af8eb42d56 -> 
  custom:framework-win-MediaFoundation: 216162199b28c13a410421893ffa2e32 -> 
  custom:container-demuxer-ogg: 62fdf1f143b41e24485cea50d1cbac27 -> 
  custom:video-decoder-webm-vp8: 9c59270c3fd7afecdb556c50c9e8de78 -> 
  custom:audio-decoder-ogg-vorbis: bf7c407c2cedff20999df2af8eb42d56 -> 
========================================================================
Received Import Request.
  Time since last request: 17.665398 seconds.
  path: Assets/PolygonPrototype/Models/Character_FPSHands_02.fbx
  artifactKey: Guid(dacb33b4a6c2e3e4486be79c593a23e4) Importer(815301076,1909f56bfc062723c751e8b465ee728b)
Start importing Assets/PolygonPrototype/Models/Character_FPSHands_02.fbx using Guid(dacb33b4a6c2e3e4486be79c593a23e4) Importer(815301076,1909f56bfc062723c751e8b465ee728b)  -> (artifact id: 'ac9a1186abb2ea8839be1841719c8e12') in 1.414889 seconds 
========================================================================
Received Import Request.
  Time since last request: 0.000093 seconds.
  path: Assets/PolygonPrototype/Models/FOV.fbx
  artifactKey: Guid(6c71607f5442ec140a9649456733c939) Importer(815301076,1909f56bfc062723c751e8b465ee728b)
Start importing Assets/PolygonPrototype/Models/FOV.fbx using Guid(6c71607f5442ec140a9649456733c939) Importer(815301076,1909f56bfc062723c751e8b465ee728b)  -> (artifact id: '6bc9bf7b70a1d5e108ba0841980ec689') in 0.201129 seconds 
========================================================================
Received Import Request.
  Time since last request: 0.000075 seconds.
  path: Assets/PolygonPrototype/Models/SM_Buildings_Floor_2x2_01P.fbx
  artifactKey: Guid(9f00cae941aaaa142ade9d9171b47d06) Importer(815301076,1909f56bfc062723c751e8b465ee728b)
Start importing Assets/PolygonPrototype/Models/SM_Buildings_Floor_2x2_01P.fbx using Guid(9f00cae941aaaa142ade9d9171b47d06) Importer(815301076,1909f56bfc062723c751e8b465ee728b)  -> (artifact id: 'f3fa6baa94bd73e5ed205cd74af9adb3') in 0.043133 seconds 
========================================================================
Received Import Request.
  Time since last request: 0.000059 seconds.
  path: Assets/PolygonPrototype/Models/SM_Buildings_FloorCurved_5x5_01.fbx
  artifactKey: Guid(7fd55a78b1a6269469fdcfe44aa32b03) Importer(815301076,1909f56bfc062723c751e8b465ee728b)
Start importing Assets/PolygonPrototype/Models/SM_Buildings_FloorCurved_5x5_01.fbx using Guid(7fd55a78b1a6269469fdcfe44aa32b03) Importer(815301076,1909f56bfc062723c751e8b465ee728b)  -> (artifact id: 'b4dc2e853403ced5007e1a7968737438') in 0.042762 seconds 
========================================================================
Received Import Request.
  Time since last request: 0.000045 seconds.
  path: Assets/PolygonPrototype/Models/SM_Buildings_Column_2x3_01.fbx
  artifactKey: Guid(b45e496b386039141af15f243dd3ac22) Importer(815301076,1909f56bfc062723c751e8b465ee728b)
Start importing Assets/PolygonPrototype/Models/SM_Buildings_Column_2x3_01.fbx using Guid(b45e496b386039141af15f243dd3ac22) Importer(815301076,1909f56bfc062723c751e8b465ee728b)  -> (artifact id: '0a39aedb93d08ab53a6dad52a2521bb0') in 0.036478 seconds 
========================================================================
Received Import Request.
  Time since last request: 0.000068 seconds.
  path: Assets/PolygonPrototype/Models/SM_Buildings_Block_1x1_02.fbx
  artifactKey: Guid(d6432d0969107d640bf77b6507ea972d) Importer(815301076,1909f56bfc062723c751e8b465ee728b)
Start importing Assets/PolygonPrototype/Models/SM_Buildings_Block_1x1_02.fbx using Guid(d6432d0969107d640bf77b6507ea972d) Importer(815301076,1909f56bfc062723c751e8b465ee728b)  -> (artifact id: '9fc3f386eb12d5f5c1e8ea061f427e85') in 0.043373 seconds 
========================================================================
Received Import Request.
  Time since last request: 0.000060 seconds.
  path: Assets/PolygonPrototype/Models/SM_Buildings_DoorFrame_01.fbx
  artifactKey: Guid(c7bd79f25c690294f893f8905d2264f5) Importer(815301076,1909f56bfc062723c751e8b465ee728b)
Start importing Assets/PolygonPrototype/Models/SM_Buildings_DoorFrame_01.fbx using Guid(c7bd79f25c690294f893f8905d2264f5) Importer(815301076,1909f56bfc062723c751e8b465ee728b)  -> (artifact id: 'e33e039fe1cbf0648eddd1543dd09b8c') in 0.036510 seconds 
========================================================================
Received Import Request.
  Time since last request: 0.000064 seconds.
  path: Assets/PolygonPrototype/Models/SM_Buildings_Rail_1x1_01P.fbx
  artifactKey: Guid(44a27fa982e24ef4d94fe0285eb20b0c) Importer(815301076,1909f56bfc062723c751e8b465ee728b)
Start importing Assets/PolygonPrototype/Models/SM_Buildings_Rail_1x1_01P.fbx using Guid(44a27fa982e24ef4d94fe0285eb20b0c) Importer(815301076,1909f56bfc062723c751e8b465ee728b)  -> (artifact id: '6bdb4b5e1ff5001020a7db4cd067f1e9') in 0.043662 seconds 
========================================================================
Received Import Request.
  Time since last request: 0.000042 seconds.
  path: Assets/PolygonPrototype/Models/SM_Buildings_Floor_1x1_01P.fbx
  artifactKey: Guid(a967d43d87a0d7e468908e6ff4645e71) Importer(815301076,1909f56bfc062723c751e8b465ee728b)
Start importing Assets/PolygonPrototype/Models/SM_Buildings_Floor_1x1_01P.fbx using Guid(a967d43d87a0d7e468908e6ff4645e71) Importer(815301076,1909f56bfc062723c751e8b465ee728b)  -> (artifact id: '42b108b554550c67871b525b4290ffd6') in 0.037211 seconds 
========================================================================
Received Import Request.
  Time since last request: 0.000049 seconds.
  path: Assets/PolygonPrototype/Models/SM_Buildings_FloorAngle_2x2_01P.fbx
  artifactKey: Guid(f6345c5ffba7efc4eb81aef2671a8761) Importer(815301076,1909f56bfc062723c751e8b465ee728b)
Start importing Assets/PolygonPrototype/Models/SM_Buildings_FloorAngle_2x2_01P.fbx using Guid(f6345c5ffba7efc4eb81aef2671a8761) Importer(815301076,1909f56bfc062723c751e8b465ee728b)  -> (artifact id: '96c3639ce1a6ca55e7e2e2251adc7abf') in 0.036709 seconds 
========================================================================
Received Import Request.
  Time since last request: 0.000036 seconds.
  path: Assets/PolygonPrototype/Models/SM_Buildings_Floor_2x2_01.fbx
  artifactKey: Guid(65ebb9950643af640a5070a9367992d1) Importer(815301076,1909f56bfc062723c751e8b465ee728b)
Start importing Assets/PolygonPrototype/Models/SM_Buildings_Floor_2x2_01.fbx using Guid(65ebb9950643af640a5070a9367992d1) Importer(815301076,1909f56bfc062723c751e8b465ee728b)  -> (artifact id: 'f5477cee8a7ebba5762d387b9684c75d') in 0.045789 seconds 
========================================================================
Received Import Request.
  Time since last request: 0.000046 seconds.
  path: Assets/PolygonPrototype/Models/SM_Buildings_FloorCurved_2x2_01.fbx
  artifactKey: Guid(bd902f01c4ca3f04188be29e5572ced3) Importer(815301076,1909f56bfc062723c751e8b465ee728b)
Start importing Assets/PolygonPrototype/Models/SM_Buildings_FloorCurved_2x2_01.fbx using Guid(bd902f01c4ca3f04188be29e5572ced3) Importer(815301076,1909f56bfc062723c751e8b465ee728b)  -> (artifact id: '4559a28900fa514bfed9e92bad2a5a3e') in 0.040797 seconds 
========================================================================
Received Import Request.
  Time since last request: 0.000059 seconds.
  path: Assets/PolygonPrototype/Models/SM_Buildings_FloorHole_2x2_01.fbx
  artifactKey: Guid(e0e60385ca7898242b4e07f84e90d728) Importer(815301076,1909f56bfc062723c751e8b465ee728b)
Start importing Assets/PolygonPrototype/Models/SM_Buildings_FloorHole_2x2_01.fbx using Guid(e0e60385ca7898242b4e07f84e90d728) Importer(815301076,1909f56bfc062723c751e8b465ee728b)  -> (artifact id: '7c8816cc1d9cf106ca7e7f3151facbbc') in 0.039155 seconds 
========================================================================
Received Import Request.
  Time since last request: 0.000070 seconds.
  path: Assets/PolygonPrototype/Models/SM_Buildings_FloorHole_5x5_01P.fbx
  artifactKey: Guid(e3d255a8e6f423a448ece83d2cc32dbc) Importer(815301076,1909f56bfc062723c751e8b465ee728b)
Start importing Assets/PolygonPrototype/Models/SM_Buildings_FloorHole_5x5_01P.fbx using Guid(e3d255a8e6f423a448ece83d2cc32dbc) Importer(815301076,1909f56bfc062723c751e8b465ee728b)  -> (artifact id: '11589eb3276c0871f3c66c9ab582a7e6') in 0.039569 seconds 
========================================================================
Received Import Request.
  Time since last request: 0.000046 seconds.
  path: Assets/PolygonPrototype/Models/SM_Buildings_FloorInner_Curved_5x5_01P.fbx
  artifactKey: Guid(c42e8dc3146e54f4eabae304a4b9c5d2) Importer(815301076,1909f56bfc062723c751e8b465ee728b)
Start importing Assets/PolygonPrototype/Models/SM_Buildings_FloorInner_Curved_5x5_01P.fbx using Guid(c42e8dc3146e54f4eabae304a4b9c5d2) Importer(815301076,1909f56bfc062723c751e8b465ee728b)  -> (artifact id: 'c7925502e8ff2f6c78ca03b74cacf740') in 0.040513 seconds 
========================================================================
Received Import Request.
  Time since last request: 0.000042 seconds.
  path: Assets/PolygonPrototype/Models/SM_Buildings_FloorAngle_1x1_01.fbx
  artifactKey: Guid(27251a3b0808c064a89b5b5b34aa6674) Importer(815301076,1909f56bfc062723c751e8b465ee728b)
Start importing Assets/PolygonPrototype/Models/SM_Buildings_FloorAngle_1x1_01.fbx using Guid(27251a3b0808c064a89b5b5b34aa6674) Importer(815301076,1909f56bfc062723c751e8b465ee728b)  -> (artifact id: '66e1e9de7d50d126ec81d6ab767c6a3c') in 0.040195 seconds 
========================================================================
Received Import Request.
  Time since last request: 0.000052 seconds.
  path: Assets/PolygonPrototype/Models/SM_Buildings_Rail_5x1_01.fbx
  artifactKey: Guid(bad7bb0cab1d866479d8ca3b98a1ed3b) Importer(815301076,1909f56bfc062723c751e8b465ee728b)
Start importing Assets/PolygonPrototype/Models/SM_Buildings_Rail_5x1_01.fbx using Guid(bad7bb0cab1d866479d8ca3b98a1ed3b) Importer(815301076,1909f56bfc062723c751e8b465ee728b)  -> (artifact id: '164c17da263e415c74a0f38482ea571e') in 0.037631 seconds 
========================================================================
Received Import Request.
  Time since last request: 0.000060 seconds.
  path: Assets/PolygonPrototype/Models/SM_Buildings_Column_2x3_01P.fbx
  artifactKey: Guid(e939321fba13eac4e8154147baf7b90f) Importer(815301076,1909f56bfc062723c751e8b465ee728b)
Start importing Assets/PolygonPrototype/Models/SM_Buildings_Column_2x3_01P.fbx using Guid(e939321fba13eac4e8154147baf7b90f) Importer(815301076,1909f56bfc062723c751e8b465ee728b)  -> (artifact id: 'e05cd4a350846efda0ce076faed66697') in 0.045223 seconds 
========================================================================
Received Import Request.
  Time since last request: 0.000054 seconds.
  path: Assets/PolygonPrototype/Models/SM_Buildings_Door_01P.fbx
  artifactKey: Guid(8dd0cf6ebf9ba9b4fb214e7bf6bda493) Importer(815301076,1909f56bfc062723c751e8b465ee728b)
Start importing Assets/PolygonPrototype/Models/SM_Buildings_Door_01P.fbx using Guid(8dd0cf6ebf9ba9b4fb214e7bf6bda493) Importer(815301076,1909f56bfc062723c751e8b465ee728b)  -> (artifact id: 'f412744cadbe6a34894b04067cb08f45') in 0.037748 seconds 
========================================================================
Received Import Request.
  Time since last request: 0.000038 seconds.
  path: Assets/PolygonPrototype/Models/SM_Buildings_FloorInner_Curved_2x2_01.fbx
  artifactKey: Guid(5d85c4420def25e4e9552dc06bce40a0) Importer(815301076,1909f56bfc062723c751e8b465ee728b)
Start importing Assets/PolygonPrototype/Models/SM_Buildings_FloorInner_Curved_2x2_01.fbx using Guid(5d85c4420def25e4e9552dc06bce40a0) Importer(815301076,1909f56bfc062723c751e8b465ee728b)  -> (artifact id: '13b8ac3b053b64779d5ffe3bdb100058') in 0.052164 seconds 
========================================================================
Received Import Request.
  Time since last request: 0.000039 seconds.
  path: Assets/PolygonPrototype/Models/SM_Buildings_Rail_1x1_01.fbx
  artifactKey: Guid(c5bcb4f8573cb194dbacfa8c510e94f1) Importer(815301076,1909f56bfc062723c751e8b465ee728b)
Start importing Assets/PolygonPrototype/Models/SM_Buildings_Rail_1x1_01.fbx using Guid(c5bcb4f8573cb194dbacfa8c510e94f1) Importer(815301076,1909f56bfc062723c751e8b465ee728b)  -> (artifact id: 'f87a3eff3326d296e52054b17f3bcb90') in 0.040261 seconds 
========================================================================
Received Import Request.
  Time since last request: 0.000048 seconds.
  path: Assets/PolygonPrototype/Models/SM_Buildings_FloorHole_2x2_01P.fbx
  artifactKey: Guid(c3d30422c98335a43a6d3b47f58df5c2) Importer(815301076,1909f56bfc062723c751e8b465ee728b)
Start importing Assets/PolygonPrototype/Models/SM_Buildings_FloorHole_2x2_01P.fbx using Guid(c3d30422c98335a43a6d3b47f58df5c2) Importer(815301076,1909f56bfc062723c751e8b465ee728b)  -> (artifact id: '1b72ea9146158091a08abed51beaf482') in 0.039800 seconds 
========================================================================
Received Import Request.
  Time since last request: 0.000061 seconds.
  path: Assets/PolygonPrototype/Models/SM_Buildings_Column_1x3_01P.fbx
  artifactKey: Guid(2efeb3cf1e1bb324ea1451eb66da2407) Importer(815301076,1909f56bfc062723c751e8b465ee728b)
Start importing Assets/PolygonPrototype/Models/SM_Buildings_Column_1x3_01P.fbx using Guid(2efeb3cf1e1bb324ea1451eb66da2407) Importer(815301076,1909f56bfc062723c751e8b465ee728b)  -> (artifact id: 'd33cacc6799acb480957835831df4486') in 0.035696 seconds 
========================================================================
Received Import Request.
  Time since last request: 0.000050 seconds.
  path: Assets/PolygonPrototype/Models/SM_Buildings_FloorAngle_1x1_01P.fbx
  artifactKey: Guid(4984bd6409c68b741b7d860318f764e3) Importer(815301076,1909f56bfc062723c751e8b465ee728b)
Start importing Assets/PolygonPrototype/Models/SM_Buildings_FloorAngle_1x1_01P.fbx using Guid(4984bd6409c68b741b7d860318f764e3) Importer(815301076,1909f56bfc062723c751e8b465ee728b)  -> (artifact id: '0095accd60c140a879204ae7ab5c10b4') in 0.039430 seconds 
========================================================================
Received Import Request.
  Time since last request: 0.000048 seconds.
  path: Assets/PolygonPrototype/Models/SM_Buildings_FloorCurved_2x2_01P.fbx
  artifactKey: Guid(3dc4b9c154cddaf429599eb071d4436c) Importer(815301076,1909f56bfc062723c751e8b465ee728b)
Start importing Assets/PolygonPrototype/Models/SM_Buildings_FloorCurved_2x2_01P.fbx using Guid(3dc4b9c154cddaf429599eb071d4436c) Importer(815301076,1909f56bfc062723c751e8b465ee728b)  -> (artifact id: '178c25f8fa39f7d860a425b1620616ea') in 0.046745 seconds 
========================================================================
Received Import Request.
  Time since last request: 0.000046 seconds.
  path: Assets/PolygonPrototype/Models/SM_Buildings_FloorHole_1x1_01.fbx
  artifactKey: Guid(d02e53d638e6f3e4abd2b2f206f9e7a5) Importer(815301076,1909f56bfc062723c751e8b465ee728b)
Start importing Assets/PolygonPrototype/Models/SM_Buildings_FloorHole_1x1_01.fbx using Guid(d02e53d638e6f3e4abd2b2f206f9e7a5) Importer(815301076,1909f56bfc062723c751e8b465ee728b)  -> (artifact id: 'dfe033d143f14d4a632f19c71ca6a106') in 0.036391 seconds 
========================================================================
Received Import Request.
  Time since last request: 0.000044 seconds.
  path: Assets/PolygonPrototype/Models/SM_Buildings_FloorCurved_5x5_01P.fbx
  artifactKey: Guid(7f26452310d4b0241acd662af3682f7c) Importer(815301076,1909f56bfc062723c751e8b465ee728b)
Start importing Assets/PolygonPrototype/Models/SM_Buildings_FloorCurved_5x5_01P.fbx using Guid(7f26452310d4b0241acd662af3682f7c) Importer(815301076,1909f56bfc062723c751e8b465ee728b)  -> (artifact id: '125b7aa90cc7c5f74820c0f6e03dfcec') in 0.039699 seconds 
========================================================================
Received Import Request.
  Time since last request: 0.000043 seconds.
  path: Assets/PolygonPrototype/Models/SM_Buildings_FloorHole_1x1_01P.fbx
  artifactKey: Guid(1493d176cf288564ea48497dc492a25d) Importer(815301076,1909f56bfc062723c751e8b465ee728b)
Start importing Assets/PolygonPrototype/Models/SM_Buildings_FloorHole_1x1_01P.fbx using Guid(1493d176cf288564ea48497dc492a25d) Importer(815301076,1909f56bfc062723c751e8b465ee728b)  -> (artifact id: 'dae52d3327cf482a15837e0c3f9bdbfa') in 0.040726 seconds 
========================================================================
Received Import Request.
  Time since last request: 0.000059 seconds.
  path: Assets/PolygonPrototype/Models/SM_Buildings_Floor_1x1_01.fbx
  artifactKey: Guid(bef96b6e1cd37444fa6937ae99361014) Importer(815301076,1909f56bfc062723c751e8b465ee728b)
Start importing Assets/PolygonPrototype/Models/SM_Buildings_Floor_1x1_01.fbx using Guid(bef96b6e1cd37444fa6937ae99361014) Importer(815301076,1909f56bfc062723c751e8b465ee728b)  -> (artifact id: '1c22521649a230774e0b044bb529c1c0') in 0.199150 seconds 
========================================================================
Received Import Request.
  Time since last request: 0.000058 seconds.
  path: Assets/PolygonPrototype/Models/SM_Buildings_FloorAngle_5x5_01.fbx
  artifactKey: Guid(f16a5273d4eb0ed49b1700bbd23d4876) Importer(815301076,1909f56bfc062723c751e8b465ee728b)
Start importing Assets/PolygonPrototype/Models/SM_Buildings_FloorAngle_5x5_01.fbx using Guid(f16a5273d4eb0ed49b1700bbd23d4876) Importer(815301076,1909f56bfc062723c751e8b465ee728b)  -> (artifact id: 'd520c2febef848c738f21f09abf76016') in 0.125409 seconds 
========================================================================
Received Import Request.
  Time since last request: 0.000056 seconds.
  path: Assets/PolygonPrototype/Models/SM_Buildings_Column_1x3_01.fbx
  artifactKey: Guid(f75e2e3dd3c0f7847b6e3d95f101e29a) Importer(815301076,1909f56bfc062723c751e8b465ee728b)
Start importing Assets/PolygonPrototype/Models/SM_Buildings_Column_1x3_01.fbx using Guid(f75e2e3dd3c0f7847b6e3d95f101e29a) Importer(815301076,1909f56bfc062723c751e8b465ee728b)  -> (artifact id: 'f283ed938dac37ab9b2381663693e965') in 0.182497 seconds 
========================================================================
Received Import Request.
  Time since last request: 0.000088 seconds.
  path: Assets/PolygonPrototype/Prefabs/Buildings/Polygon/SM_Buildings_RailStairs_1x1_01P.prefab
  artifactKey: Guid(64c416090eb460443b8c48604183fc8c) Importer(815301076,1909f56bfc062723c751e8b465ee728b)
Start importing Assets/PolygonPrototype/Prefabs/Buildings/Polygon/SM_Buildings_RailStairs_1x1_01P.prefab using Guid(64c416090eb460443b8c48604183fc8c) Importer(815301076,1909f56bfc062723c751e8b465ee728b)  -> (artifact id: 'ef20893c810b7adcc6d2a5153617742a') in 4.781949 seconds 
========================================================================
Received Import Request.
  Time since last request: 0.000055 seconds.
  path: Assets/PolygonPrototype/Prefabs/Buildings/Polygon/SM_Buildings_RoofAngledCornerInner_5x5_01P.prefab
  artifactKey: Guid(2a5990cd2652f6e41a69968d287f54d8) Importer(815301076,1909f56bfc062723c751e8b465ee728b)
Start importing Assets/PolygonPrototype/Prefabs/Buildings/Polygon/SM_Buildings_RoofAngledCornerInner_5x5_01P.prefab using Guid(2a5990cd2652f6e41a69968d287f54d8) Importer(815301076,1909f56bfc062723c751e8b465ee728b)  -> (artifact id: '3a53bb5409877cce413208ec434a76b1') in 0.104877 seconds 
========================================================================
Received Import Request.
  Time since last request: 0.000057 seconds.
  path: Assets/PolygonPrototype/Prefabs/Buildings/Polygon/SM_Buildings_FloorHole_2x2_01P.prefab
  artifactKey: Guid(18ec9e6a77f6b284dada0292ea8a7656) Importer(815301076,1909f56bfc062723c751e8b465ee728b)
Start importing Assets/PolygonPrototype/Prefabs/Buildings/Polygon/SM_Buildings_FloorHole_2x2_01P.prefab using Guid(18ec9e6a77f6b284dada0292ea8a7656) Importer(815301076,1909f56bfc062723c751e8b465ee728b)  -> (artifact id: '3e746bee65d05f5acd9a349eb1bf155e') in 0.083832 seconds 
========================================================================
Received Import Request.
  Time since last request: 0.000039 seconds.
  path: Assets/PolygonPrototype/Prefabs/Buildings/Polygon/SM_Buildings_Ramp_35_1x1_01P.prefab
  artifactKey: Guid(164dcfb2df080e1478ddfe053cf2b630) Importer(815301076,1909f56bfc062723c751e8b465ee728b)
Start importing Assets/PolygonPrototype/Prefabs/Buildings/Polygon/SM_Buildings_Ramp_35_1x1_01P.prefab using Guid(164dcfb2df080e1478ddfe053cf2b630) Importer(815301076,1909f56bfc062723c751e8b465ee728b)  -> (artifact id: 'cd77a8b19a0fef33c57cf089c8a333b7') in 0.138400 seconds 
========================================================================
Received Import Request.
  Time since last request: 0.000055 seconds.
  path: Assets/PolygonPrototype/Prefabs/Buildings/Polygon/SM_Buildings_Rail_1x1_01P.prefab
  artifactKey: Guid(cb2d244f48389fe47bf64d3fd5f8d78c) Importer(815301076,1909f56bfc062723c751e8b465ee728b)
Start importing Assets/PolygonPrototype/Prefabs/Buildings/Polygon/SM_Buildings_Rail_1x1_01P.prefab using Guid(cb2d244f48389fe47bf64d3fd5f8d78c) Importer(815301076,1909f56bfc062723c751e8b465ee728b)  -> (artifact id: '0313e97fdd84c70cdf6f0294001e4d77') in 0.088125 seconds 
========================================================================
Received Import Request.
  Time since last request: 0.000063 seconds.
  path: Assets/PolygonPrototype/Prefabs/Buildings/Polygon/SM_Buildings_Block_1x1_01P.prefab
  artifactKey: Guid(baebdd3b26f756b4c8f1b2d2efe1cf42) Importer(815301076,1909f56bfc062723c751e8b465ee728b)
Start importing Assets/PolygonPrototype/Prefabs/Buildings/Polygon/SM_Buildings_Block_1x1_01P.prefab using Guid(baebdd3b26f756b4c8f1b2d2efe1cf42) Importer(815301076,1909f56bfc062723c751e8b465ee728b)  -> (artifact id: 'd667013cc8c899c3af2abc93d7495e54') in 0.096468 seconds 
========================================================================
Received Import Request.
  Time since last request: 0.000043 seconds.
  path: Assets/PolygonPrototype/Prefabs/Buildings/Polygon/SM_Buildings_FloorInner_Curved_1x1_01P.prefab
  artifactKey: Guid(7bee566818672ba479096dacfbd74f87) Importer(815301076,1909f56bfc062723c751e8b465ee728b)
Start importing Assets/PolygonPrototype/Prefabs/Buildings/Polygon/SM_Buildings_FloorInner_Curved_1x1_01P.prefab using Guid(7bee566818672ba479096dacfbd74f87) Importer(815301076,1909f56bfc062723c751e8b465ee728b)  -> (artifact id: 'd78403b6e2a652e3a2921f59399fc6bf') in 0.034147 seconds 
========================================================================
Received Import Request.
  Time since last request: 0.000047 seconds.
  path: Assets/PolygonPrototype/Prefabs/Buildings/Polygon/SM_Buildings_FloorCurved_2x2_01P.prefab
  artifactKey: Guid(67d8881229360d648999c5975fdec7f9) Importer(815301076,1909f56bfc062723c751e8b465ee728b)
Start importing Assets/PolygonPrototype/Prefabs/Buildings/Polygon/SM_Buildings_FloorCurved_2x2_01P.prefab using Guid(67d8881229360d648999c5975fdec7f9) Importer(815301076,1909f56bfc062723c751e8b465ee728b)  -> (artifact id: 'f15d3a0919d6043b22721f84b4cad2e3') in 0.050955 seconds 
========================================================================
Received Import Request.
  Time since last request: 0.000073 seconds.
  path: Assets/PolygonPrototype/Prefabs/Buildings/Polygon/SM_Buildings_FloorInner_Curved_5x5_01P.prefab
  artifactKey: Guid(b3863c5e123f8be4f9d8202f0c9579ce) Importer(815301076,1909f56bfc062723c751e8b465ee728b)
Start importing Assets/PolygonPrototype/Prefabs/Buildings/Polygon/SM_Buildings_FloorInner_Curved_5x5_01P.prefab using Guid(b3863c5e123f8be4f9d8202f0c9579ce) Importer(815301076,1909f56bfc062723c751e8b465ee728b)  -> (artifact id: '4783f0df60a31ae81f1aed80b152d352') in 0.057703 seconds 
========================================================================
Received Import Request.
  Time since last request: 0.000102 seconds.
  path: Assets/PolygonPrototype/Prefabs/Buildings/Polygon/SM_Buildings_RoofAngled_5x5_01P.prefab
  artifactKey: Guid(50873bc5f55946d468bdb18e13a9f7e4) Importer(815301076,1909f56bfc062723c751e8b465ee728b)
Start importing Assets/PolygonPrototype/Prefabs/Buildings/Polygon/SM_Buildings_RoofAngled_5x5_01P.prefab using Guid(50873bc5f55946d468bdb18e13a9f7e4) Importer(815301076,1909f56bfc062723c751e8b465ee728b)  -> (artifact id: '60ade46f216f77695fef0d9cedde8638') in 0.034467 seconds 
========================================================================
Received Import Request.
  Time since last request: 0.000047 seconds.
  path: Assets/PolygonPrototype/Prefabs/Buildings/Polygon/SM_Buildings_RoofAngledCornerMiddle_5x5_01P.prefab
  artifactKey: Guid(cdf82fc14962eaf4889b9fef60381182) Importer(815301076,1909f56bfc062723c751e8b465ee728b)
Start importing Assets/PolygonPrototype/Prefabs/Buildings/Polygon/SM_Buildings_RoofAngledCornerMiddle_5x5_01P.prefab using Guid(cdf82fc14962eaf4889b9fef60381182) Importer(815301076,1909f56bfc062723c751e8b465ee728b)  -> (artifact id: 'cb768ac650c5acef0c40893cb71e622b') in 0.036249 seconds 
========================================================================
Received Import Request.
  Time since last request: 0.000067 seconds.
  path: Assets/PolygonPrototype/Prefabs/Buildings/Polygon/SM_Buildings_RoofAngledCornerInner_1x1_01P.prefab
  artifactKey: Guid(e6c7adff407d6154681938139841127e) Importer(815301076,1909f56bfc062723c751e8b465ee728b)
Start importing Assets/PolygonPrototype/Prefabs/Buildings/Polygon/SM_Buildings_RoofAngledCornerInner_1x1_01P.prefab using Guid(e6c7adff407d6154681938139841127e) Importer(815301076,1909f56bfc062723c751e8b465ee728b)  -> (artifact id: '7bbf1f532fed5b40d0a264097f190e04') in 0.050766 seconds 
========================================================================
Received Import Request.
  Time since last request: 0.000093 seconds.
  path: Assets/PolygonPrototype/Prefabs/Buildings/Polygon/SM_Buildings_FloorInner_Curved_2x2_01P.prefab
  artifactKey: Guid(e54c57d0bded1df4f9b05f93dc93e67e) Importer(815301076,1909f56bfc062723c751e8b465ee728b)
Start importing Assets/PolygonPrototype/Prefabs/Buildings/Polygon/SM_Buildings_FloorInner_Curved_2x2_01P.prefab using Guid(e54c57d0bded1df4f9b05f93dc93e67e) Importer(815301076,1909f56bfc062723c751e8b465ee728b)  -> (artifact id: '03f61eec8e93703f6278f52af1799280') in 0.037832 seconds 
========================================================================
Received Import Request.
  Time since last request: 0.000047 seconds.
  path: Assets/PolygonPrototype/Prefabs/Buildings/Polygon/SM_Buildings_Ramp_55_1x1_01P.prefab
  artifactKey: Guid(f33661f8dac407d4ebf7501fae1ca00a) Importer(815301076,1909f56bfc062723c751e8b465ee728b)
Start importing Assets/PolygonPrototype/Prefabs/Buildings/Polygon/SM_Buildings_Ramp_55_1x1_01P.prefab using Guid(f33661f8dac407d4ebf7501fae1ca00a) Importer(815301076,1909f56bfc062723c751e8b465ee728b)  -> (artifact id: '8e3e1c50c20aa3cc35cb4efa0d60af10') in 0.041710 seconds 
========================================================================
Received Import Request.
  Time since last request: 0.000072 seconds.
  path: Assets/PolygonPrototype/Prefabs/Buildings/Polygon/SM_Buildings_RoofAngledCornerMiddle_1x1_01P.prefab
  artifactKey: Guid(ca69b4b32a4a105418058e127414d186) Importer(815301076,1909f56bfc062723c751e8b465ee728b)
Start importing Assets/PolygonPrototype/Prefabs/Buildings/Polygon/SM_Buildings_RoofAngledCornerMiddle_1x1_01P.prefab using Guid(ca69b4b32a4a105418058e127414d186) Importer(815301076,1909f56bfc062723c751e8b465ee728b)  -> (artifact id: '74fe614e94ec1373e850a156abd9447a') in 0.045560 seconds 
========================================================================
Received Import Request.
  Time since last request: 0.000074 seconds.
  path: Assets/PolygonPrototype/Prefabs/Buildings/Polygon/SM_Buildings_Floor_5x5_01P.prefab
  artifactKey: Guid(5171d5eb12e0f184a8761aa4157f7d00) Importer(815301076,1909f56bfc062723c751e8b465ee728b)
Start importing Assets/PolygonPrototype/Prefabs/Buildings/Polygon/SM_Buildings_Floor_5x5_01P.prefab using Guid(5171d5eb12e0f184a8761aa4157f7d00) Importer(815301076,1909f56bfc062723c751e8b465ee728b)  -> (artifact id: '5bbc04d8db9e5c3c5880b91a129a7948') in 0.044776 seconds 
========================================================================
Received Import Request.
  Time since last request: 0.000085 seconds.
  path: Assets/PolygonPrototype/Prefabs/Buildings/Polygon/SM_Buildings_Ramp_50_1x1_01P.prefab
  artifactKey: Guid(363eb8cec943015439e889d8812f5f99) Importer(815301076,1909f56bfc062723c751e8b465ee728b)
Start importing Assets/PolygonPrototype/Prefabs/Buildings/Polygon/SM_Buildings_Ramp_50_1x1_01P.prefab using Guid(363eb8cec943015439e889d8812f5f99) Importer(815301076,1909f56bfc062723c751e8b465ee728b)  -> (artifact id: 'a7d63692292937a67b6519e3ab51b650') in 0.037455 seconds 
========================================================================
Received Import Request.
  Time since last request: 0.000067 seconds.
  path: Assets/PolygonPrototype/Prefabs/Buildings/Polygon/SM_Buildings_FloorCurved_5x5_01P.prefab
  artifactKey: Guid(4fdc90d4810052940bae39b01e92a182) Importer(815301076,1909f56bfc062723c751e8b465ee728b)
Start importing Assets/PolygonPrototype/Prefabs/Buildings/Polygon/SM_Buildings_FloorCurved_5x5_01P.prefab using Guid(4fdc90d4810052940bae39b01e92a182) Importer(815301076,1909f56bfc062723c751e8b465ee728b)  -> (artifact id: '30e70c4245cd308b6443992ccd7b7c16') in 0.035542 seconds 
========================================================================
Received Import Request.
  Time since last request: 0.000050 seconds.
  path: Assets/PolygonPrototype/Prefabs/Buildings/Polygon/SM_Buildings_Floor_2x2_01P.prefab
  artifactKey: Guid(97a4c0aac51126c43b48361675b1f1e2) Importer(815301076,1909f56bfc062723c751e8b465ee728b)
Start importing Assets/PolygonPrototype/Prefabs/Buildings/Polygon/SM_Buildings_Floor_2x2_01P.prefab using Guid(97a4c0aac51126c43b48361675b1f1e2) Importer(815301076,1909f56bfc062723c751e8b465ee728b)  -> (artifact id: '7eca67aac51bdeabd593321a977ad3a9') in 0.033618 seconds 
========================================================================
Received Import Request.
  Time since last request: 0.000076 seconds.
  path: Assets/PolygonPrototype/Prefabs/Buildings/Polygon/SM_Buildings_FloorHole_1x1_01P.prefab
  artifactKey: Guid(9a4c390a76076d1459b66dc7f6997398) Importer(815301076,1909f56bfc062723c751e8b465ee728b)
Start importing Assets/PolygonPrototype/Prefabs/Buildings/Polygon/SM_Buildings_FloorHole_1x1_01P.prefab using Guid(9a4c390a76076d1459b66dc7f6997398) Importer(815301076,1909f56bfc062723c751e8b465ee728b)  -> (artifact id: 'cdfb40a72308266fa78172c8e557b441') in 0.036262 seconds 
========================================================================
Received Import Request.
  Time since last request: 0.000043 seconds.
  path: Assets/PolygonPrototype/Prefabs/Buildings/Polygon/SM_Buildings_Ramp_40_1x1_01P.prefab
  artifactKey: Guid(7ff9b381efb352949a54824ce158e19e) Importer(815301076,1909f56bfc062723c751e8b465ee728b)
Start importing Assets/PolygonPrototype/Prefabs/Buildings/Polygon/SM_Buildings_Ramp_40_1x1_01P.prefab using Guid(7ff9b381efb352949a54824ce158e19e) Importer(815301076,1909f56bfc062723c751e8b465ee728b)  -> (artifact id: '4f97fd82ae3176cdde463047ecdbb454') in 0.050852 seconds 
========================================================================
Received Import Request.
  Time since last request: 0.000051 seconds.
  path: Assets/PolygonPrototype/Prefabs/Buildings/Polygon/SM_Buildings_Ramp_70_1x1_01P.prefab
  artifactKey: Guid(a434bedf3d3673446827301acda869f0) Importer(815301076,1909f56bfc062723c751e8b465ee728b)
Start importing Assets/PolygonPrototype/Prefabs/Buildings/Polygon/SM_Buildings_Ramp_70_1x1_01P.prefab using Guid(a434bedf3d3673446827301acda869f0) Importer(815301076,1909f56bfc062723c751e8b465ee728b)  -> (artifact id: '96acad8c3b3c1ee5a8d1496644b13336') in 0.041234 seconds 
========================================================================
Received Import Request.
  Time since last request: 0.000048 seconds.
  path: Assets/PolygonPrototype/Prefabs/Buildings/Polygon/SM_Buildings_Ramp_65_1x1_01P.prefab
  artifactKey: Guid(456da98c6ee73d74fba6e0ca2b603c80) Importer(815301076,1909f56bfc062723c751e8b465ee728b)
Start importing Assets/PolygonPrototype/Prefabs/Buildings/Polygon/SM_Buildings_Ramp_65_1x1_01P.prefab using Guid(456da98c6ee73d74fba6e0ca2b603c80) Importer(815301076,1909f56bfc062723c751e8b465ee728b)  -> (artifact id: '0051f8d4714f3c0c24087c2de0e11d5f') in 0.035821 seconds 
========================================================================
Received Import Request.
  Time since last request: 0.000100 seconds.
  path: Assets/PolygonPrototype/Prefabs/Buildings/Polygon/SM_Buildings_Ramp_30_1x1_01P.prefab
  artifactKey: Guid(33771a1a04d924d4bb5b7baaa65a729d) Importer(815301076,1909f56bfc062723c751e8b465ee728b)
Start importing Assets/PolygonPrototype/Prefabs/Buildings/Polygon/SM_Buildings_Ramp_30_1x1_01P.prefab using Guid(33771a1a04d924d4bb5b7baaa65a729d) Importer(815301076,1909f56bfc062723c751e8b465ee728b)  -> (artifact id: 'b17464498c744ea15a1a87502d6d6a30') in 0.034660 seconds 
========================================================================
Received Import Request.
  Time since last request: 0.000105 seconds.
  path: Assets/PolygonPrototype/Prefabs/Buildings/Polygon/SM_Buildings_RoofAngledPoint_2x2_01P.prefab
  artifactKey: Guid(db725fc46046fce4ba8121abff2c7bcf) Importer(815301076,1909f56bfc062723c751e8b465ee728b)
Start importing Assets/PolygonPrototype/Prefabs/Buildings/Polygon/SM_Buildings_RoofAngledPoint_2x2_01P.prefab using Guid(db725fc46046fce4ba8121abff2c7bcf) Importer(815301076,1909f56bfc062723c751e8b465ee728b)  -> (artifact id: '9e37e68af1735576112a21a5999238dd') in 0.039129 seconds 
========================================================================
Received Import Request.
  Time since last request: 0.000060 seconds.
  path: Assets/PolygonPrototype/Prefabs/Buildings/Polygon/SM_Buildings_FloorCurved_1x1_01P.prefab
  artifactKey: Guid(6c8e61a579e73384184fc49c88900225) Importer(815301076,1909f56bfc062723c751e8b465ee728b)
Start importing Assets/PolygonPrototype/Prefabs/Buildings/Polygon/SM_Buildings_FloorCurved_1x1_01P.prefab using Guid(6c8e61a579e73384184fc49c88900225) Importer(815301076,1909f56bfc062723c751e8b465ee728b)  -> (artifact id: '2d24ad3c4237181e3a982446435eed92') in 0.034678 seconds 
========================================================================
Received Import Request.
  Time since last request: 0.000051 seconds.
  path: Assets/PolygonPrototype/Prefabs/Buildings/Polygon/SM_Buildings_RoofAngledCornerInner_2x2_01P.prefab
  artifactKey: Guid(1932f072403faf4478a06711de00ca5d) Importer(815301076,1909f56bfc062723c751e8b465ee728b)
Start importing Assets/PolygonPrototype/Prefabs/Buildings/Polygon/SM_Buildings_RoofAngledCornerInner_2x2_01P.prefab using Guid(1932f072403faf4478a06711de00ca5d) Importer(815301076,1909f56bfc062723c751e8b465ee728b)  -> (artifact id: '4b6924f41b877f00ae98d84db95cf271') in 0.036128 seconds 
========================================================================
Received Import Request.
  Time since last request: 0.013260 seconds.
  path: Assets/PolygonPrototype/Prefabs/Buildings/Polygon/SM_Buildings_FloorAngle_5x5_01P.prefab
  artifactKey: Guid(9987669d5dc94af478689af7ec39dcb2) Importer(815301076,1909f56bfc062723c751e8b465ee728b)
Start importing Assets/PolygonPrototype/Prefabs/Buildings/Polygon/SM_Buildings_FloorAngle_5x5_01P.prefab using Guid(9987669d5dc94af478689af7ec39dcb2) Importer(815301076,1909f56bfc062723c751e8b465ee728b)  -> (artifact id: '0d9b28cde1cd46dd00781b3e8bd06fdd') in 0.036804 seconds 
========================================================================
Received Import Request.
  Time since last request: 0.000062 seconds.
  path: Assets/PolygonPrototype/Prefabs/Buildings/Polygon/SM_Buildings_RoofAngled_2x2_01P.prefab
  artifactKey: Guid(356c770e2a9269d4b9f85dfa46bf5daf) Importer(815301076,1909f56bfc062723c751e8b465ee728b)
Start importing Assets/PolygonPrototype/Prefabs/Buildings/Polygon/SM_Buildings_RoofAngled_2x2_01P.prefab using Guid(356c770e2a9269d4b9f85dfa46bf5daf) Importer(815301076,1909f56bfc062723c751e8b465ee728b)  -> (artifact id: 'cd5ce751e1067ab2883bbabaa9aa6b9a') in 0.034773 seconds 
========================================================================
Received Import Request.
  Time since last request: 0.000067 seconds.
  path: Assets/PolygonPrototype/Prefabs/Buildings/Polygon/SM_Buildings_RoofAngledCornerOuter_2x2_01P.prefab
  artifactKey: Guid(4820ee8899aff7e4fa6c35401ca4e3d4) Importer(815301076,1909f56bfc062723c751e8b465ee728b)
Start importing Assets/PolygonPrototype/Prefabs/Buildings/Polygon/SM_Buildings_RoofAngledCornerOuter_2x2_01P.prefab using Guid(4820ee8899aff7e4fa6c35401ca4e3d4) Importer(815301076,1909f56bfc062723c751e8b465ee728b)  -> (artifact id: '633eb46dcaed892196cf42120f42091a') in 0.046363 seconds 
========================================================================
Received Import Request.
  Time since last request: 0.000049 seconds.
  path: Assets/PolygonPrototype/Prefabs/Buildings/Polygon/SM_Buildings_Ramp_20_1x1_01P.prefab
  artifactKey: Guid(30279db7b9983d14495f8e5eb978af20) Importer(815301076,1909f56bfc062723c751e8b465ee728b)
Start importing Assets/PolygonPrototype/Prefabs/Buildings/Polygon/SM_Buildings_Ramp_20_1x1_01P.prefab using Guid(30279db7b9983d14495f8e5eb978af20) Importer(815301076,1909f56bfc062723c751e8b465ee728b)  -> (artifact id: 'ac939f20b817e78557d7b71f8346ce3d') in 0.093306 seconds 
========================================================================
Received Import Request.
  Time since last request: 0.000044 seconds.
  path: Assets/PolygonPrototype/Prefabs/Buildings/Polygon/SM_Buildings_Floor_1x1_01P.prefab
  artifactKey: Guid(8767d9ea8dddf69429fb6c89e304be40) Importer(815301076,1909f56bfc062723c751e8b465ee728b)
Start importing Assets/PolygonPrototype/Prefabs/Buildings/Polygon/SM_Buildings_Floor_1x1_01P.prefab using Guid(8767d9ea8dddf69429fb6c89e304be40) Importer(815301076,1909f56bfc062723c751e8b465ee728b)  -> (artifact id: '524db8fda38fcf2b8b32dca95da9264c') in 0.137641 seconds 
========================================================================
Received Import Request.
  Time since last request: 0.000070 seconds.
  path: Assets/PolygonPrototype/Prefabs/Buildings/Polygon/SM_Buildings_Column_2x3_01P.prefab
  artifactKey: Guid(b38180f4dd93ed945ad6e4e365f91923) Importer(815301076,1909f56bfc062723c751e8b465ee728b)
Start importing Assets/PolygonPrototype/Prefabs/Buildings/Polygon/SM_Buildings_Column_2x3_01P.prefab using Guid(b38180f4dd93ed945ad6e4e365f91923) Importer(815301076,1909f56bfc062723c751e8b465ee728b)  -> (artifact id: '48c93e2bc778cb33629987520252b369') in 0.100392 seconds 
========================================================================
Received Import Request.
  Time since last request: 0.000073 seconds.
  path: Assets/PolygonPrototype/Prefabs/Buildings/Polygon/SM_Buildings_FloorAngle_2x2_01P.prefab
  artifactKey: Guid(c836db8b51ea3b94eb25834c3197f434) Importer(815301076,1909f56bfc062723c751e8b465ee728b)
Start importing Assets/PolygonPrototype/Prefabs/Buildings/Polygon/SM_Buildings_FloorAngle_2x2_01P.prefab using Guid(c836db8b51ea3b94eb25834c3197f434) Importer(815301076,1909f56bfc062723c751e8b465ee728b)  -> (artifact id: '80fbcba65aa7ffdf986c403cba170dce') in 0.157812 seconds 
========================================================================
Received Import Request.
  Time since last request: 0.000057 seconds.
  path: Assets/PolygonPrototype/Prefabs/Buildings/Polygon/SM_Buildings_Rail_5x1_01P.prefab
  artifactKey: Guid(99f02f99c9384e44f96a578070591d9e) Importer(815301076,1909f56bfc062723c751e8b465ee728b)
Start importing Assets/PolygonPrototype/Prefabs/Buildings/Polygon/SM_Buildings_Rail_5x1_01P.prefab using Guid(99f02f99c9384e44f96a578070591d9e) Importer(815301076,1909f56bfc062723c751e8b465ee728b)  -> (artifact id: 'eafa54a0d4d9fed105b76a431390d8e1') in 0.039679 seconds 
========================================================================
Received Import Request.
  Time since last request: 0.000056 seconds.
  path: Assets/PolygonPrototype/Prefabs/Buildings/Polygon/SM_Buildings_Ramp_45_1x1_01P.prefab
  artifactKey: Guid(bd97c05e714e4e44a95ebdeaa26a6c9f) Importer(815301076,1909f56bfc062723c751e8b465ee728b)
Start importing Assets/PolygonPrototype/Prefabs/Buildings/Polygon/SM_Buildings_Ramp_45_1x1_01P.prefab using Guid(bd97c05e714e4e44a95ebdeaa26a6c9f) Importer(815301076,1909f56bfc062723c751e8b465ee728b)  -> (artifact id: '75ff400b4e799fa4cbac50b08859bc46') in 0.040012 seconds 
========================================================================
Received Import Request.
  Time since last request: 0.000084 seconds.
  path: Assets/PolygonPrototype/Prefabs/Buildings/Polygon/SM_Buildings_RoofAngled_1x1_01P.prefab
  artifactKey: Guid(6f3724bc4d1d2874083cc1cd5227c922) Importer(815301076,1909f56bfc062723c751e8b465ee728b)
Start importing Assets/PolygonPrototype/Prefabs/Buildings/Polygon/SM_Buildings_RoofAngled_1x1_01P.prefab using Guid(6f3724bc4d1d2874083cc1cd5227c922) Importer(815301076,1909f56bfc062723c751e8b465ee728b)  -> (artifact id: 'b0c4c0f162e2cf813ed3434c800e1ed9') in 0.038236 seconds 
========================================================================
Received Import Request.
  Time since last request: 0.000063 seconds.
  path: Assets/PolygonPrototype/Prefabs/Buildings/Polygon/SM_Buildings_Door_01P.prefab
  artifactKey: Guid(e025362a5346a474ba28d4f1c1eee293) Importer(815301076,1909f56bfc062723c751e8b465ee728b)
Start importing Assets/PolygonPrototype/Prefabs/Buildings/Polygon/SM_Buildings_Door_01P.prefab using Guid(e025362a5346a474ba28d4f1c1eee293) Importer(815301076,1909f56bfc062723c751e8b465ee728b)  -> (artifact id: '3cffafb27ab8d15f1efcfac5ba5302f6') in 0.042027 seconds 
========================================================================
Received Import Request.
  Time since last request: 0.000082 seconds.
  path: Assets/PolygonPrototype/Prefabs/Buildings/Polygon/SM_Buildings_Ramp_60_1x1_01P.prefab
  artifactKey: Guid(5722442910ba34041af319266e0b6045) Importer(815301076,1909f56bfc062723c751e8b465ee728b)
Start importing Assets/PolygonPrototype/Prefabs/Buildings/Polygon/SM_Buildings_Ramp_60_1x1_01P.prefab using Guid(5722442910ba34041af319266e0b6045) Importer(815301076,1909f56bfc062723c751e8b465ee728b)  -> (artifact id: '72b5648c1ab8f3659b5a1553ff6f4480') in 0.048412 seconds 
========================================================================
Received Import Request.
  Time since last request: 0.000060 seconds.
  path: Assets/PolygonPrototype/Prefabs/Buildings/Polygon/SM_Buildings_RoofAngledCornerMiddle_2x2_01P.prefab
  artifactKey: Guid(3d3cc953c3d737545b82109b68239386) Importer(815301076,1909f56bfc062723c751e8b465ee728b)
Start importing Assets/PolygonPrototype/Prefabs/Buildings/Polygon/SM_Buildings_RoofAngledCornerMiddle_2x2_01P.prefab using Guid(3d3cc953c3d737545b82109b68239386) Importer(815301076,1909f56bfc062723c751e8b465ee728b)  -> (artifact id: 'bfc226cd483352f7ed9508ab764a4cb8') in 0.040639 seconds 
========================================================================
Received Import Request.
  Time since last request: 0.000108 seconds.
  path: Assets/PolygonPrototype/Prefabs/Buildings/Polygon/SM_Buildings_FloorHole_5x5_01P.prefab
  artifactKey: Guid(29f1ba94d0eb7704d8bb523216b7a1cf) Importer(815301076,1909f56bfc062723c751e8b465ee728b)
Start importing Assets/PolygonPrototype/Prefabs/Buildings/Polygon/SM_Buildings_FloorHole_5x5_01P.prefab using Guid(29f1ba94d0eb7704d8bb523216b7a1cf) Importer(815301076,1909f56bfc062723c751e8b465ee728b)  -> (artifact id: 'f293993cdfc1d1dd2516640229f9194d') in 0.051267 seconds 
========================================================================
Received Import Request.
  Time since last request: 0.000075 seconds.
  path: Assets/PolygonPrototype/Prefabs/Buildings/Polygon/SM_Buildings_DoorFrame_01P.prefab
  artifactKey: Guid(7d1e5b8ce3cce8448811fa721df10782) Importer(815301076,1909f56bfc062723c751e8b465ee728b)
Start importing Assets/PolygonPrototype/Prefabs/Buildings/Polygon/SM_Buildings_DoorFrame_01P.prefab using Guid(7d1e5b8ce3cce8448811fa721df10782) Importer(815301076,1909f56bfc062723c751e8b465ee728b)  -> (artifact id: 'c09fbabb212fd2fd5caded6be120356f') in 0.044834 seconds 
========================================================================
Received Import Request.
  Time since last request: 0.000058 seconds.
  path: Assets/PolygonPrototype/Models/SM_Buildings_Door_01.fbx
  artifactKey: Guid(c65f1edc3379dbf448438ab0b5e0292a) Importer(815301076,1909f56bfc062723c751e8b465ee728b)
Start importing Assets/PolygonPrototype/Models/SM_Buildings_Door_01.fbx using Guid(c65f1edc3379dbf448438ab0b5e0292a) Importer(815301076,1909f56bfc062723c751e8b465ee728b)  -> (artifact id: 'df5a6db4996ff1273a4471bab3e05fc1') in 0.067503 seconds 
========================================================================
Received Import Request.
  Time since last request: 0.000058 seconds.
  path: Assets/PolygonPrototype/Prefabs/Buildings/Polygon/SM_Buildings_RoofAngledPoint_5x5_01P.prefab
  artifactKey: Guid(97b1a05acff8ab1418b779c19a097f0b) Importer(815301076,1909f56bfc062723c751e8b465ee728b)
Start importing Assets/PolygonPrototype/Prefabs/Buildings/Polygon/SM_Buildings_RoofAngledPoint_5x5_01P.prefab using Guid(97b1a05acff8ab1418b779c19a097f0b) Importer(815301076,1909f56bfc062723c751e8b465ee728b)  -> (artifact id: 'dcb082db35b02e6016666d95599027fe') in 0.054614 seconds 
========================================================================
Received Import Request.
  Time since last request: 0.000062 seconds.
  path: Assets/PolygonPrototype/Models/SM_Buildings_FloorAngle_5x5_01P.fbx
  artifactKey: Guid(d16b3e6cb92f61449980843d1c320717) Importer(815301076,1909f56bfc062723c751e8b465ee728b)
Start importing Assets/PolygonPrototype/Models/SM_Buildings_FloorAngle_5x5_01P.fbx using Guid(d16b3e6cb92f61449980843d1c320717) Importer(815301076,1909f56bfc062723c751e8b465ee728b)  -> (artifact id: '4bb9827ac02ef7f00ea6f378f99b973e') in 0.056557 seconds 
========================================================================
Received Import Request.
  Time since last request: 0.000106 seconds.
  path: Assets/PolygonPrototype/Prefabs/Buildings/Polygon/SM_Buildings_FloorAngle_1x1_01P.prefab
  artifactKey: Guid(dbd25d824f716e74cb33fa4ccbc2675e) Importer(815301076,1909f56bfc062723c751e8b465ee728b)
Start importing Assets/PolygonPrototype/Prefabs/Buildings/Polygon/SM_Buildings_FloorAngle_1x1_01P.prefab using Guid(dbd25d824f716e74cb33fa4ccbc2675e) Importer(815301076,1909f56bfc062723c751e8b465ee728b)  -> (artifact id: '01469d51b0d58c7b4b0ef5cc3ad3fcf9') in 0.056373 seconds 
========================================================================
Received Import Request.
  Time since last request: 0.000053 seconds.
  path: Assets/PolygonPrototype/Models/SM_Buildings_FloorCurved_1x1_01P.fbx
  artifactKey: Guid(80362ab97d7d00b4aa3e29813bbde786) Importer(815301076,1909f56bfc062723c751e8b465ee728b)
Start importing Assets/PolygonPrototype/Models/SM_Buildings_FloorCurved_1x1_01P.fbx using Guid(80362ab97d7d00b4aa3e29813bbde786) Importer(815301076,1909f56bfc062723c751e8b465ee728b)  -> (artifact id: '299afaf432d0042fc02fc024a60e45ff') in 0.060773 seconds 
========================================================================
Received Import Request.
  Time since last request: 0.000094 seconds.
  path: Assets/PolygonPrototype/Prefabs/Buildings/Polygon/SM_Buildings_RoofAngledPoint_1x1_01P.prefab
  artifactKey: Guid(71fbb379c4ab32a4b830e8aef50d14b6) Importer(815301076,1909f56bfc062723c751e8b465ee728b)
Start importing Assets/PolygonPrototype/Prefabs/Buildings/Polygon/SM_Buildings_RoofAngledPoint_1x1_01P.prefab using Guid(71fbb379c4ab32a4b830e8aef50d14b6) Importer(815301076,1909f56bfc062723c751e8b465ee728b)  -> (artifact id: '5dcdea056724902671ea027671e4007e') in 0.072029 seconds 
========================================================================
Received Import Request.
  Time since last request: 0.000075 seconds.
  path: Assets/PolygonPrototype/Models/SM_Buildings_Block_1x1_01P.fbx
  artifactKey: Guid(4271e1f51cf274c499b8283b04da0c03) Importer(815301076,1909f56bfc062723c751e8b465ee728b)
Start importing Assets/PolygonPrototype/Models/SM_Buildings_Block_1x1_01P.fbx using Guid(4271e1f51cf274c499b8283b04da0c03) Importer(815301076,1909f56bfc062723c751e8b465ee728b)  -> (artifact id: '908c431661b0a46a145fb769f2e601ed') in 0.061458 seconds 
========================================================================
Received Import Request.
  Time since last request: 0.000075 seconds.
  path: Assets/PolygonPrototype/Prefabs/Buildings/Polygon/SM_Buildings_Column_1x3_01P.prefab
  artifactKey: Guid(3f3dbe87a60db03418edd6f1c0a25506) Importer(815301076,1909f56bfc062723c751e8b465ee728b)
Start importing Assets/PolygonPrototype/Prefabs/Buildings/Polygon/SM_Buildings_Column_1x3_01P.prefab using Guid(3f3dbe87a60db03418edd6f1c0a25506) Importer(815301076,1909f56bfc062723c751e8b465ee728b)  -> (artifact id: '4fc4f66f0760d59f56852a47cfa3cbdd') in 0.046720 seconds 
========================================================================
Received Import Request.
  Time since last request: 0.000070 seconds.
  path: Assets/PolygonPrototype/Prefabs/Buildings/Polygon/SM_Buildings_RoofAngledCornerOuter_1x1_01P.prefab
  artifactKey: Guid(89bafddb480692245aaa21bec0bb96f3) Importer(815301076,1909f56bfc062723c751e8b465ee728b)
Start importing Assets/PolygonPrototype/Prefabs/Buildings/Polygon/SM_Buildings_RoofAngledCornerOuter_1x1_01P.prefab using Guid(89bafddb480692245aaa21bec0bb96f3) Importer(815301076,1909f56bfc062723c751e8b465ee728b)  -> (artifact id: 'b27cd528a859762cd90f755c13912d48') in 0.048784 seconds 
========================================================================
Received Import Request.
  Time since last request: 0.000118 seconds.
  path: Assets/PolygonPrototype/Prefabs/Buildings/Polygon/SM_Buildings_RoofAngledCornerOuter_5x5_01P.prefab
  artifactKey: Guid(01d1734f1997bd249ad05a814afa7e53) Importer(815301076,1909f56bfc062723c751e8b465ee728b)
Start importing Assets/PolygonPrototype/Prefabs/Buildings/Polygon/SM_Buildings_RoofAngledCornerOuter_5x5_01P.prefab using Guid(01d1734f1997bd249ad05a814afa7e53) Importer(815301076,1909f56bfc062723c751e8b465ee728b)  -> (artifact id: '0ed71f21fbb3b32e47d19bb694b7662d') in 0.040774 seconds 
Editor requested this worker to shutdown with reason: Scaling down because of idle timeout
AssetImportWorker is now disconnected from the server
Process exiting
Exiting without the bug reporter. Application will terminate with return code 0